2021-12-31 19:37:40,709 INFO :: Binance Futures Client initialisé avec succès
2021-12-31 19:37:43,242 INFO :: Bitmex Client initialisé avec succès
2021-12-31 19:37:44,674 INFO :: Connexion ouverte avec Bitmex
2021-12-31 19:37:47,630 INFO :: Connexion ouverte avec Binance
2021-12-31 19:38:22,510 INFO :: Binance Futures Client initialisé avec succès
2021-12-31 19:38:23,435 INFO :: Bitmex Client initialisé avec succès
2021-12-31 19:38:24,172 INFO :: Connexion ouverte avec Binance
2021-12-31 19:38:24,735 INFO :: Connexion ouverte avec Bitmex
2021-12-31 19:40:05,186 INFO :: Binance Futures Client initialisé avec succès
2021-12-31 19:40:07,689 INFO :: Bitmex Client initialisé avec succès
2021-12-31 19:40:08,033 INFO :: Connexion ouverte avec Binance
2021-12-31 19:40:09,025 INFO :: Connexion ouverte avec Bitmex
2021-12-31 20:16:05,282 DEBUG :: Starting new HTTPS connection (1): testnet.binancefuture.com:443
2021-12-31 20:16:11,775 DEBUG :: https://testnet.binancefuture.com:443 "GET /fapi/v1/exchangeInfo HTTP/1.1" 200 None
2021-12-31 20:16:11,795 DEBUG :: Starting new HTTPS connection (1): testnet.binancefuture.com:443
2021-12-31 20:16:13,180 DEBUG :: https://testnet.binancefuture.com:443 "GET /fapi/v1/account?timestamp=1640974571789&signature=e391a6b7003c2fcb0f9a90446e28b556230cfac094a7110b7be3e7a66848bd3d HTTP/1.1" 200 None
2021-12-31 20:16:13,187 INFO :: Binance Futures Client successfully initialized
2021-12-31 20:16:14,415 DEBUG :: Starting new HTTPS connection (1): testnet.bitmex.com:443
2021-12-31 20:16:15,198 DEBUG :: https://testnet.bitmex.com:443 "GET /api/v1/instrument/active HTTP/1.1" 200 None
2021-12-31 20:16:15,215 DEBUG :: Starting new HTTPS connection (1): testnet.bitmex.com:443
2021-12-31 20:16:15,673 DEBUG :: https://testnet.bitmex.com:443 "GET /api/v1/user/margin?currency=all HTTP/1.1" 200 None
2021-12-31 20:16:15,676 INFO :: Bitmex Client successfully initialized
2021-12-31 20:16:16,991 INFO :: Bitmex connection opened
2021-12-31 20:16:20,220 INFO :: Binance connection opened
2021-12-31 20:16:20,221 INFO :: Binance: subscribing to: btcusdt@bookTicker
2021-12-31 20:17:51,429 WARNING :: Binance Websocket connection closed
2021-12-31 20:17:51,689 ERROR :: Bitmex connection error: [Errno 9] Bad file descriptor
2021-12-31 20:17:51,690 WARNING :: Bitmex Websocket connection closed
2021-12-31 20:20:55,971 DEBUG :: Starting new HTTPS connection (1): testnet.binancefuture.com:443
2021-12-31 20:21:02,365 DEBUG :: https://testnet.binancefuture.com:443 "GET /fapi/v1/exchangeInfo HTTP/1.1" 200 None
2021-12-31 20:21:02,386 DEBUG :: Starting new HTTPS connection (1): testnet.binancefuture.com:443
2021-12-31 20:21:04,096 DEBUG :: https://testnet.binancefuture.com:443 "GET /fapi/v1/account?timestamp=1640974862378&signature=c5fd1d2df84c5576339d68ecec681cc2e5395abd555c91d9b18fc625e39a6546 HTTP/1.1" 200 None
2021-12-31 20:21:04,102 INFO :: Binance Futures Client successfully initialized
2021-12-31 20:21:05,339 DEBUG :: Starting new HTTPS connection (1): testnet.bitmex.com:443
2021-12-31 20:21:06,182 DEBUG :: https://testnet.bitmex.com:443 "GET /api/v1/instrument/active HTTP/1.1" 200 None
2021-12-31 20:21:06,204 DEBUG :: Starting new HTTPS connection (1): testnet.bitmex.com:443
2021-12-31 20:21:06,887 INFO :: Binance connection opened
2021-12-31 20:21:06,889 INFO :: Binance: subscribing to: btcusdt@bookTicker
2021-12-31 20:21:07,195 DEBUG :: https://testnet.bitmex.com:443 "GET /api/v1/user/margin?currency=all HTTP/1.1" 200 None
2021-12-31 20:21:07,200 INFO :: Bitmex Client successfully initialized
2021-12-31 20:21:08,540 INFO :: Bitmex connection opened
2021-12-31 20:21:47,220 WARNING :: Binance Websocket connection closed
2021-12-31 20:21:47,476 WARNING :: Bitmex Websocket connection closed
2021-12-31 20:26:11,503 DEBUG :: Starting new HTTPS connection (1): testnet.binancefuture.com:443
2021-12-31 20:26:17,922 DEBUG :: https://testnet.binancefuture.com:443 "GET /fapi/v1/exchangeInfo HTTP/1.1" 200 None
2021-12-31 20:26:17,947 DEBUG :: Starting new HTTPS connection (1): testnet.binancefuture.com:443
2021-12-31 20:26:19,362 DEBUG :: https://testnet.binancefuture.com:443 "GET /fapi/v1/account?timestamp=1640975177940&signature=7fc04cfd5c2409081690631f1944f56c03f5baace0d6f50de2f87e458281ec39 HTTP/1.1" 200 None
2021-12-31 20:26:19,368 INFO :: Binance Futures Client successfully initialized
2021-12-31 20:26:20,650 DEBUG :: Starting new HTTPS connection (1): testnet.bitmex.com:443
2021-12-31 20:26:21,098 DEBUG :: https://testnet.bitmex.com:443 "GET /api/v1/instrument/active HTTP/1.1" 200 None
2021-12-31 20:26:21,114 DEBUG :: Starting new HTTPS connection (1): testnet.bitmex.com:443
2021-12-31 20:26:21,579 DEBUG :: https://testnet.bitmex.com:443 "GET /api/v1/user/margin?currency=all HTTP/1.1" 200 None
2021-12-31 20:26:21,584 INFO :: Bitmex Client successfully initialized
2021-12-31 20:26:22,445 INFO :: Binance connection opened
2021-12-31 20:26:22,447 INFO :: Binance: subscribing to: btcusdt@bookTicker
2021-12-31 20:26:23,031 INFO :: Bitmex connection opened
2021-12-31 20:26:47,609 WARNING :: Binance Websocket connection closed
2021-12-31 20:26:47,978 WARNING :: Bitmex Websocket connection closed
2021-12-31 20:27:05,580 DEBUG :: Starting new HTTPS connection (1): testnet.binancefuture.com:443
2021-12-31 20:27:06,665 DEBUG :: https://testnet.binancefuture.com:443 "GET /fapi/v1/exchangeInfo HTTP/1.1" 200 None
2021-12-31 20:27:06,682 DEBUG :: Starting new HTTPS connection (1): testnet.binancefuture.com:443
2021-12-31 20:27:08,189 DEBUG :: https://testnet.binancefuture.com:443 "GET /fapi/v1/account?timestamp=1640975226676&signature=16abab65cf903a0584d04d539869c42f3a94499961b9a3b5b3954c960d56c4aa HTTP/1.1" 200 None
2021-12-31 20:27:08,196 INFO :: Binance Futures Client successfully initialized
2021-12-31 20:27:08,205 DEBUG :: Starting new HTTPS connection (1): testnet.bitmex.com:443
2021-12-31 20:27:08,650 DEBUG :: https://testnet.bitmex.com:443 "GET /api/v1/instrument/active HTTP/1.1" 200 None
2021-12-31 20:27:08,666 DEBUG :: Starting new HTTPS connection (1): testnet.bitmex.com:443
2021-12-31 20:27:09,121 DEBUG :: https://testnet.bitmex.com:443 "GET /api/v1/user/margin?currency=all HTTP/1.1" 200 None
2021-12-31 20:27:09,127 INFO :: Bitmex Client successfully initialized
2021-12-31 20:27:09,912 INFO :: Binance connection opened
2021-12-31 20:27:09,913 INFO :: Binance: subscribing to: btcusdt@bookTicker
2021-12-31 20:27:10,450 INFO :: Bitmex connection opened
2021-12-31 20:27:14,659 WARNING :: Binance Websocket connection closed
2021-12-31 20:27:14,974 WARNING :: Bitmex Websocket connection closed
2021-12-31 20:27:27,195 DEBUG :: Starting new HTTPS connection (1): testnet.binancefuture.com:443
2021-12-31 20:27:28,566 DEBUG :: https://testnet.binancefuture.com:443 "GET /fapi/v1/exchangeInfo HTTP/1.1" 200 None
2021-12-31 20:27:29,823 DEBUG :: Starting new HTTPS connection (1): testnet.binancefuture.com:443
2021-12-31 20:27:30,912 DEBUG :: https://testnet.binancefuture.com:443 "GET /fapi/v1/account?timestamp=1640975248573&signature=1c92caf307e463cc17726636423d753b0cfbcfd2f0493a95d6b290aec57c44b6 HTTP/1.1" 200 None
2021-12-31 20:27:30,919 INFO :: Binance Futures Client successfully initialized
2021-12-31 20:27:30,926 DEBUG :: Starting new HTTPS connection (1): testnet.bitmex.com:443
2021-12-31 20:27:31,377 DEBUG :: https://testnet.bitmex.com:443 "GET /api/v1/instrument/active HTTP/1.1" 200 None
2021-12-31 20:27:31,394 DEBUG :: Starting new HTTPS connection (1): testnet.bitmex.com:443
2021-12-31 20:27:31,846 DEBUG :: https://testnet.bitmex.com:443 "GET /api/v1/user/margin?currency=all HTTP/1.1" 200 None
2021-12-31 20:27:31,852 INFO :: Bitmex Client successfully initialized
2021-12-31 20:27:32,537 INFO :: Binance connection opened
2021-12-31 20:27:32,538 INFO :: Binance: subscribing to: btcusdt@bookTicker
2021-12-31 20:27:33,141 INFO :: Bitmex connection opened
2021-12-31 20:27:51,672 WARNING :: Binance Websocket connection closed
2021-12-31 20:27:51,998 WARNING :: Bitmex Websocket connection closed
2021-12-31 20:28:12,324 DEBUG :: Starting new HTTPS connection (1): testnet.binancefuture.com:443
2021-12-31 20:28:18,461 DEBUG :: https://testnet.binancefuture.com:443 "GET /fapi/v1/exchangeInfo HTTP/1.1" 200 None
2021-12-31 20:28:18,475 DEBUG :: Starting new HTTPS connection (1): testnet.binancefuture.com:443
2021-12-31 20:28:19,705 DEBUG :: https://testnet.binancefuture.com:443 "GET /fapi/v1/account?timestamp=1640975298469&signature=3019c5c70726c6f476974e2f8e82bbd82bb10a1b6640760a77c02ad77ecdddd5 HTTP/1.1" 200 None
2021-12-31 20:28:19,708 INFO :: Binance Futures Client successfully initialized
2021-12-31 20:28:20,817 DEBUG :: Starting new HTTPS connection (1): testnet.bitmex.com:443
2021-12-31 20:28:21,256 DEBUG :: https://testnet.bitmex.com:443 "GET /api/v1/instrument/active HTTP/1.1" 200 None
2021-12-31 20:28:21,274 DEBUG :: Starting new HTTPS connection (1): testnet.bitmex.com:443
2021-12-31 20:28:21,726 DEBUG :: https://testnet.bitmex.com:443 "GET /api/v1/user/margin?currency=all HTTP/1.1" 200 None
2021-12-31 20:28:21,732 INFO :: Bitmex Client successfully initialized
2021-12-31 20:28:22,458 INFO :: Binance connection opened
2021-12-31 20:28:22,458 INFO :: Binance: subscribing to: btcusdt@bookTicker
2021-12-31 20:28:23,010 INFO :: Bitmex connection opened
2021-12-31 20:28:35,619 WARNING :: Binance Websocket connection closed
2021-12-31 20:28:35,863 WARNING :: Bitmex Websocket connection closed
2021-12-31 20:28:49,338 DEBUG :: Starting new HTTPS connection (1): testnet.binancefuture.com:443
2021-12-31 20:28:50,430 DEBUG :: https://testnet.binancefuture.com:443 "GET /fapi/v1/exchangeInfo HTTP/1.1" 200 None
2021-12-31 20:28:50,444 DEBUG :: Starting new HTTPS connection (1): testnet.binancefuture.com:443
2021-12-31 20:28:51,527 DEBUG :: https://testnet.binancefuture.com:443 "GET /fapi/v1/account?timestamp=1640975330438&signature=efa2e0c2fe5d3f00c8a43fff0f4eda7b778f2cdc079946f0e632ddfdc4bcb6d3 HTTP/1.1" 200 None
2021-12-31 20:28:51,531 INFO :: Binance Futures Client successfully initialized
2021-12-31 20:28:51,538 DEBUG :: Starting new HTTPS connection (1): testnet.bitmex.com:443
2021-12-31 20:28:51,983 DEBUG :: https://testnet.bitmex.com:443 "GET /api/v1/instrument/active HTTP/1.1" 200 None
2021-12-31 20:28:52,002 DEBUG :: Starting new HTTPS connection (1): testnet.bitmex.com:443
2021-12-31 20:28:52,438 DEBUG :: https://testnet.bitmex.com:443 "GET /api/v1/user/margin?currency=all HTTP/1.1" 200 None
2021-12-31 20:28:52,444 INFO :: Bitmex Client successfully initialized
2021-12-31 20:28:53,175 INFO :: Binance connection opened
2021-12-31 20:28:53,175 INFO :: Binance: subscribing to: btcusdt@bookTicker
2021-12-31 20:28:53,736 INFO :: Bitmex connection opened
2021-12-31 20:29:06,978 WARNING :: Binance Websocket connection closed
2021-12-31 20:29:07,241 WARNING :: Bitmex Websocket connection closed
2021-12-31 20:30:24,044 DEBUG :: Starting new HTTPS connection (1): testnet.binancefuture.com:443
2021-12-31 20:30:30,447 DEBUG :: https://testnet.binancefuture.com:443 "GET /fapi/v1/exchangeInfo HTTP/1.1" 200 None
2021-12-31 20:30:30,463 DEBUG :: Starting new HTTPS connection (1): testnet.binancefuture.com:443
2021-12-31 20:30:31,826 DEBUG :: https://testnet.binancefuture.com:443 "GET /fapi/v1/account?timestamp=1640975430457&signature=a56ab505e1a86584657dc6dc484247b031aac5559955377bc49baf19cdb08899 HTTP/1.1" 200 None
2021-12-31 20:30:31,832 INFO :: Binance Futures Client successfully initialized
2021-12-31 20:30:33,098 DEBUG :: Starting new HTTPS connection (1): testnet.bitmex.com:443
2021-12-31 20:30:33,580 DEBUG :: https://testnet.bitmex.com:443 "GET /api/v1/instrument/active HTTP/1.1" 200 None
2021-12-31 20:30:33,597 DEBUG :: Starting new HTTPS connection (1): testnet.bitmex.com:443
2021-12-31 20:30:34,058 DEBUG :: https://testnet.bitmex.com:443 "GET /api/v1/user/margin?currency=all HTTP/1.1" 200 None
2021-12-31 20:30:34,064 INFO :: Bitmex Client successfully initialized
2021-12-31 20:30:34,876 INFO :: Binance connection opened
2021-12-31 20:30:34,878 INFO :: Binance: subscribing to: btcusdt@bookTicker
2021-12-31 20:30:35,479 INFO :: Bitmex connection opened
2021-12-31 20:30:39,998 WARNING :: Binance Websocket connection closed
2021-12-31 20:30:40,189 WARNING :: Bitmex Websocket connection closed
2021-12-31 20:30:51,786 DEBUG :: Starting new HTTPS connection (1): testnet.binancefuture.com:443
2021-12-31 20:30:53,231 DEBUG :: https://testnet.binancefuture.com:443 "GET /fapi/v1/exchangeInfo HTTP/1.1" 200 None
2021-12-31 20:30:53,247 DEBUG :: Starting new HTTPS connection (1): testnet.binancefuture.com:443
2021-12-31 20:30:53,777 DEBUG :: https://testnet.binancefuture.com:443 "GET /fapi/v1/account?timestamp=1640975453241&signature=cb7345a301a1089fcf1c56fea2354fd92b4ed88d7fbff27b01c8bb5925980019 HTTP/1.1" 200 None
2021-12-31 20:30:53,780 INFO :: Binance Futures Client successfully initialized
2021-12-31 20:30:53,786 DEBUG :: Starting new HTTPS connection (1): testnet.bitmex.com:443
2021-12-31 20:30:54,221 DEBUG :: https://testnet.bitmex.com:443 "GET /api/v1/instrument/active HTTP/1.1" 200 None
2021-12-31 20:30:54,236 DEBUG :: Starting new HTTPS connection (1): testnet.bitmex.com:443
2021-12-31 20:30:54,693 DEBUG :: https://testnet.bitmex.com:443 "GET /api/v1/user/margin?currency=all HTTP/1.1" 200 None
2021-12-31 20:30:54,697 INFO :: Bitmex Client successfully initialized
2021-12-31 20:30:55,487 INFO :: Binance connection opened
2021-12-31 20:30:55,492 INFO :: Binance: subscribing to: btcusdt@bookTicker
2021-12-31 20:30:56,034 INFO :: Bitmex connection opened
2021-12-31 20:30:59,621 WARNING :: Binance Websocket connection closed
2021-12-31 20:30:59,873 WARNING :: Bitmex Websocket connection closed
2021-12-31 20:31:52,700 DEBUG :: Starting new HTTPS connection (1): testnet.binancefuture.com:443
2021-12-31 20:31:59,068 DEBUG :: https://testnet.binancefuture.com:443 "GET /fapi/v1/exchangeInfo HTTP/1.1" 200 None
2021-12-31 20:31:59,085 DEBUG :: Starting new HTTPS connection (1): testnet.binancefuture.com:443
2021-12-31 20:32:00,172 DEBUG :: https://testnet.binancefuture.com:443 "GET /fapi/v1/account?timestamp=1640975519079&signature=f8e9c9f02c1bd7b73b43f463c5c303fc07ead7c20cb34d27772929653da18513 HTTP/1.1" 200 None
2021-12-31 20:32:00,178 INFO :: Binance Futures Client successfully initialized
2021-12-31 20:32:01,395 DEBUG :: Starting new HTTPS connection (1): testnet.bitmex.com:443
2021-12-31 20:32:01,858 DEBUG :: https://testnet.bitmex.com:443 "GET /api/v1/instrument/active HTTP/1.1" 200 None
2021-12-31 20:32:01,880 DEBUG :: Starting new HTTPS connection (1): testnet.bitmex.com:443
2021-12-31 20:32:02,511 DEBUG :: https://testnet.bitmex.com:443 "GET /api/v1/user/margin?currency=all HTTP/1.1" 200 None
2021-12-31 20:32:02,517 INFO :: Bitmex Client successfully initialized
2021-12-31 20:32:03,249 INFO :: Binance connection opened
2021-12-31 20:32:03,249 INFO :: Binance: subscribing to: btcusdt@bookTicker
2021-12-31 20:32:03,834 INFO :: Bitmex connection opened
2021-12-31 20:32:14,206 WARNING :: Binance Websocket connection closed
2021-12-31 20:32:14,457 ERROR :: Bitmex connection error: [Errno 9] Bad file descriptor
2021-12-31 20:32:14,458 WARNING :: Bitmex Websocket connection closed
2021-12-31 20:32:56,935 DEBUG :: Starting new HTTPS connection (1): testnet.binancefuture.com:443
2021-12-31 20:32:57,464 DEBUG :: https://testnet.binancefuture.com:443 "GET /fapi/v1/exchangeInfo HTTP/1.1" 200 None
2021-12-31 20:32:57,480 DEBUG :: Starting new HTTPS connection (1): testnet.binancefuture.com:443
2021-12-31 20:32:58,849 DEBUG :: https://testnet.binancefuture.com:443 "GET /fapi/v1/account?timestamp=1640975577475&signature=884661562648061029967f62a18614b4fb79608d5d41111948ca9bb1d8217a1d HTTP/1.1" 200 None
2021-12-31 20:32:58,855 INFO :: Binance Futures Client successfully initialized
2021-12-31 20:32:58,863 DEBUG :: Starting new HTTPS connection (1): testnet.bitmex.com:443
2021-12-31 20:33:00,522 INFO :: Binance connection opened
2021-12-31 20:33:00,523 INFO :: Binance: subscribing to: btcusdt@bookTicker
2021-12-31 20:33:04,292 DEBUG :: https://testnet.bitmex.com:443 "GET /api/v1/instrument/active HTTP/1.1" 400 120
2021-12-31 20:33:04,297 ERROR :: Error while making GET request to /api/v1/instrument/active: {'error': {'message': 'This request has expired - `expires` is in the past. Current time: 1640975584', 'name': 'HTTPError'}} (error code 400)
2021-12-31 20:33:04,306 DEBUG :: Starting new HTTPS connection (1): testnet.bitmex.com:443
2021-12-31 20:33:04,767 DEBUG :: https://testnet.bitmex.com:443 "GET /api/v1/user/margin?currency=all HTTP/1.1" 200 None
2021-12-31 20:33:04,772 INFO :: Bitmex Client successfully initialized
2021-12-31 20:33:06,109 INFO :: Bitmex connection opened
2021-12-31 20:33:09,672 WARNING :: Binance Websocket connection closed
2021-12-31 20:33:10,252 WARNING :: Bitmex Websocket connection closed
2021-12-31 20:33:21,516 DEBUG :: Starting new HTTPS connection (1): testnet.binancefuture.com:443
2021-12-31 20:33:27,612 DEBUG :: https://testnet.binancefuture.com:443 "GET /fapi/v1/exchangeInfo HTTP/1.1" 200 None
2021-12-31 20:33:27,629 DEBUG :: Starting new HTTPS connection (1): testnet.binancefuture.com:443
2021-12-31 20:33:28,722 DEBUG :: https://testnet.binancefuture.com:443 "GET /fapi/v1/account?timestamp=1640975607623&signature=6b61c690a4df6a4cba46377ec9c85f7590b026fbbf78f13e37cf5701a687fed0 HTTP/1.1" 200 None
2021-12-31 20:33:28,728 INFO :: Binance Futures Client successfully initialized
2021-12-31 20:33:29,864 DEBUG :: Starting new HTTPS connection (1): testnet.bitmex.com:443
2021-12-31 20:33:30,324 DEBUG :: https://testnet.bitmex.com:443 "GET /api/v1/instrument/active HTTP/1.1" 200 None
2021-12-31 20:33:30,347 DEBUG :: Starting new HTTPS connection (1): testnet.bitmex.com:443
2021-12-31 20:33:30,795 DEBUG :: https://testnet.bitmex.com:443 "GET /api/v1/user/margin?currency=all HTTP/1.1" 200 None
2021-12-31 20:33:30,801 INFO :: Bitmex Client successfully initialized
2021-12-31 20:33:31,550 INFO :: Binance connection opened
2021-12-31 20:33:31,550 INFO :: Binance: subscribing to: btcusdt@bookTicker
2021-12-31 20:33:32,136 INFO :: Bitmex connection opened
2021-12-31 20:33:47,594 WARNING :: Binance Websocket connection closed
2021-12-31 20:33:48,194 WARNING :: Bitmex Websocket connection closed
2021-12-31 20:33:58,739 DEBUG :: Starting new HTTPS connection (1): testnet.binancefuture.com:443
2021-12-31 20:33:59,834 DEBUG :: https://testnet.binancefuture.com:443 "GET /fapi/v1/exchangeInfo HTTP/1.1" 200 None
2021-12-31 20:33:59,855 DEBUG :: Starting new HTTPS connection (1): testnet.binancefuture.com:443
2021-12-31 20:34:00,941 DEBUG :: https://testnet.binancefuture.com:443 "GET /fapi/v1/account?timestamp=1640975639846&signature=19cedcc5681baf883d257750d28d3b88629ea91131bb19996bd7da258388da5c HTTP/1.1" 200 None
2021-12-31 20:34:00,945 INFO :: Binance Futures Client successfully initialized
2021-12-31 20:34:00,951 DEBUG :: Starting new HTTPS connection (1): testnet.bitmex.com:443
2021-12-31 20:34:01,399 DEBUG :: https://testnet.bitmex.com:443 "GET /api/v1/instrument/active HTTP/1.1" 200 None
2021-12-31 20:34:01,419 DEBUG :: Starting new HTTPS connection (1): testnet.bitmex.com:443
2021-12-31 20:34:01,885 DEBUG :: https://testnet.bitmex.com:443 "GET /api/v1/user/margin?currency=all HTTP/1.1" 200 None
2021-12-31 20:34:01,890 INFO :: Bitmex Client successfully initialized
2021-12-31 20:34:02,631 INFO :: Binance connection opened
2021-12-31 20:34:02,632 INFO :: Binance: subscribing to: btcusdt@bookTicker
2021-12-31 20:34:03,206 INFO :: Bitmex connection opened
2021-12-31 20:34:14,593 WARNING :: Binance Websocket connection closed
2021-12-31 20:34:14,838 WARNING :: Bitmex Websocket connection closed
2021-12-31 20:34:58,797 DEBUG :: Starting new HTTPS connection (1): testnet.binancefuture.com:443
2021-12-31 20:35:05,177 DEBUG :: https://testnet.binancefuture.com:443 "GET /fapi/v1/exchangeInfo HTTP/1.1" 200 None
2021-12-31 20:35:05,193 DEBUG :: Starting new HTTPS connection (1): testnet.binancefuture.com:443
2021-12-31 20:35:06,594 DEBUG :: https://testnet.binancefuture.com:443 "GET /fapi/v1/account?timestamp=1640975705188&signature=d412fb6544f13fd54fe4feeca6f8d6c25b369e6c81c414069782e4ceb03727e0 HTTP/1.1" 200 None
2021-12-31 20:35:06,601 INFO :: Binance Futures Client successfully initialized
2021-12-31 20:35:07,836 DEBUG :: Starting new HTTPS connection (1): testnet.bitmex.com:443
2021-12-31 20:35:08,286 DEBUG :: https://testnet.bitmex.com:443 "GET /api/v1/instrument/active HTTP/1.1" 200 None
2021-12-31 20:35:08,303 DEBUG :: Starting new HTTPS connection (1): testnet.bitmex.com:443
2021-12-31 20:35:08,750 DEBUG :: https://testnet.bitmex.com:443 "GET /api/v1/user/margin?currency=all HTTP/1.1" 200 None
2021-12-31 20:35:08,755 INFO :: Bitmex Client successfully initialized
2021-12-31 20:35:10,073 INFO :: Bitmex connection opened
2021-12-31 20:35:14,034 INFO :: Binance connection opened
2021-12-31 20:35:14,052 INFO :: Binance: subscribing to: btcusdt@bookTicker
2021-12-31 20:35:18,482 WARNING :: Binance Websocket connection closed
2021-12-31 20:35:18,745 WARNING :: Bitmex Websocket connection closed
2021-12-31 20:36:00,924 DEBUG :: Starting new HTTPS connection (1): testnet.binancefuture.com:443
2021-12-31 20:36:02,443 DEBUG :: https://testnet.binancefuture.com:443 "GET /fapi/v1/exchangeInfo HTTP/1.1" 200 None
2021-12-31 20:36:02,463 DEBUG :: Starting new HTTPS connection (1): testnet.binancefuture.com:443
2021-12-31 20:36:03,539 DEBUG :: https://testnet.binancefuture.com:443 "GET /fapi/v1/account?timestamp=1640975762455&signature=785668c1e6ff14c65cf4e3402c7485f9819dbe3eab54cfcc9740fa861faddb95 HTTP/1.1" 200 None
2021-12-31 20:36:03,544 INFO :: Binance Futures Client successfully initialized
2021-12-31 20:36:03,551 DEBUG :: Starting new HTTPS connection (1): testnet.bitmex.com:443
2021-12-31 20:36:03,991 DEBUG :: https://testnet.bitmex.com:443 "GET /api/v1/instrument/active HTTP/1.1" 200 None
2021-12-31 20:36:04,003 DEBUG :: Starting new HTTPS connection (1): testnet.bitmex.com:443
2021-12-31 20:36:04,445 DEBUG :: https://testnet.bitmex.com:443 "GET /api/v1/user/margin?currency=all HTTP/1.1" 200 None
2021-12-31 20:36:04,448 INFO :: Bitmex Client successfully initialized
2021-12-31 20:36:05,212 INFO :: Binance connection opened
2021-12-31 20:36:05,213 INFO :: Binance: subscribing to: btcusdt@bookTicker
2021-12-31 20:36:05,738 INFO :: Bitmex connection opened
2021-12-31 20:36:30,578 WARNING :: Binance Websocket connection closed
2021-12-31 20:36:30,819 WARNING :: Bitmex Websocket connection closed
2021-12-31 20:37:01,897 DEBUG :: Starting new HTTPS connection (1): testnet.binancefuture.com:443
2021-12-31 20:37:08,280 DEBUG :: https://testnet.binancefuture.com:443 "GET /fapi/v1/exchangeInfo HTTP/1.1" 200 None
2021-12-31 20:37:08,296 DEBUG :: Starting new HTTPS connection (1): testnet.binancefuture.com:443
2021-12-31 20:37:09,378 DEBUG :: https://testnet.binancefuture.com:443 "GET /fapi/v1/account?timestamp=1640975828290&signature=aeb9467140cc7436e141bd4b55c9714e4936d6ec595a5651358ceed4e22a90e7 HTTP/1.1" 200 None
2021-12-31 20:37:09,384 INFO :: Binance Futures Client successfully initialized
2021-12-31 20:37:10,596 DEBUG :: Starting new HTTPS connection (1): testnet.bitmex.com:443
2021-12-31 20:37:11,119 DEBUG :: https://testnet.bitmex.com:443 "GET /api/v1/instrument/active HTTP/1.1" 200 None
2021-12-31 20:37:11,135 DEBUG :: Starting new HTTPS connection (1): testnet.bitmex.com:443
2021-12-31 20:37:11,600 DEBUG :: https://testnet.bitmex.com:443 "GET /api/v1/user/margin?currency=all HTTP/1.1" 200 None
2021-12-31 20:37:11,606 INFO :: Bitmex Client successfully initialized
2021-12-31 20:37:12,329 INFO :: Binance connection opened
2021-12-31 20:37:12,329 INFO :: Binance: subscribing to: btcusdt@bookTicker
2021-12-31 20:37:12,935 INFO :: Bitmex connection opened
2021-12-31 20:38:59,346 WARNING :: Binance Websocket connection closed
2021-12-31 20:38:59,604 WARNING :: Bitmex Websocket connection closed
2021-12-31 20:42:13,275 DEBUG :: Starting new HTTPS connection (1): testnet.binancefuture.com:443
2021-12-31 20:42:19,663 DEBUG :: https://testnet.binancefuture.com:443 "GET /fapi/v1/exchangeInfo HTTP/1.1" 200 None
2021-12-31 20:42:19,681 DEBUG :: Starting new HTTPS connection (1): testnet.binancefuture.com:443
2021-12-31 20:42:20,211 DEBUG :: https://testnet.binancefuture.com:443 "GET /fapi/v1/account?timestamp=1640976139675&signature=240255e9fec76a4d32b86e7492c3b6651f06384cf066bc3390a1ff2dbb55ff87 HTTP/1.1" 200 None
2021-12-31 20:42:20,217 INFO :: Binance Futures Client successfully initialized
2021-12-31 20:42:21,418 DEBUG :: Starting new HTTPS connection (1): testnet.bitmex.com:443
2021-12-31 20:42:21,915 DEBUG :: https://testnet.bitmex.com:443 "GET /api/v1/instrument/active HTTP/1.1" 200 None
2021-12-31 20:42:21,931 DEBUG :: Starting new HTTPS connection (1): testnet.bitmex.com:443
2021-12-31 20:42:22,376 DEBUG :: https://testnet.bitmex.com:443 "GET /api/v1/user/margin?currency=all HTTP/1.1" 200 None
2021-12-31 20:42:22,381 INFO :: Bitmex Client successfully initialized
2021-12-31 20:42:23,116 INFO :: Binance connection opened
2021-12-31 20:42:23,117 INFO :: Binance: subscribing to: btcusdt@bookTicker
2021-12-31 20:42:23,665 INFO :: Bitmex connection opened
2021-12-31 20:42:39,566 WARNING :: Binance Websocket connection closed
2021-12-31 20:42:39,806 WARNING :: Bitmex Websocket connection closed
2021-12-31 20:44:42,162 DEBUG :: Starting new HTTPS connection (1): testnet.binancefuture.com:443
2021-12-31 20:44:48,606 DEBUG :: https://testnet.binancefuture.com:443 "GET /fapi/v1/exchangeInfo HTTP/1.1" 200 None
2021-12-31 20:44:48,629 DEBUG :: Starting new HTTPS connection (1): testnet.binancefuture.com:443
2021-12-31 20:44:50,024 DEBUG :: https://testnet.binancefuture.com:443 "GET /fapi/v1/account?timestamp=1640976288623&signature=4667332b8f28d0595899ce1fae945f2b131266930a0b675d98a90836fc812960 HTTP/1.1" 200 None
2021-12-31 20:44:50,031 INFO :: Binance Futures Client successfully initialized
2021-12-31 20:44:51,164 DEBUG :: Starting new HTTPS connection (1): testnet.bitmex.com:443
2021-12-31 20:44:51,959 DEBUG :: https://testnet.bitmex.com:443 "GET /api/v1/instrument/active HTTP/1.1" 200 None
2021-12-31 20:44:51,987 DEBUG :: Starting new HTTPS connection (1): testnet.bitmex.com:443
2021-12-31 20:44:52,735 DEBUG :: https://testnet.bitmex.com:443 "GET /api/v1/user/margin?currency=all HTTP/1.1" 200 None
2021-12-31 20:44:52,738 INFO :: Bitmex Client successfully initialized
2021-12-31 20:44:53,211 INFO :: Binance connection opened
2021-12-31 20:44:53,212 INFO :: Binance: subscribing to: btcusdt@bookTicker
2021-12-31 20:44:54,416 INFO :: Bitmex connection opened
2021-12-31 20:45:25,460 WARNING :: Binance Websocket connection closed
2021-12-31 20:45:25,717 WARNING :: Bitmex Websocket connection closed
2021-12-31 21:11:20,711 DEBUG :: Starting new HTTPS connection (1): testnet.binancefuture.com:443
2021-12-31 21:11:27,194 DEBUG :: https://testnet.binancefuture.com:443 "GET /fapi/v1/exchangeInfo HTTP/1.1" 200 None
2021-12-31 21:11:27,222 DEBUG :: Starting new HTTPS connection (1): testnet.binancefuture.com:443
2021-12-31 21:11:28,628 DEBUG :: https://testnet.binancefuture.com:443 "GET /fapi/v1/account?timestamp=1640977887216&signature=2f5b2f2834f4075595b85042fc57d4446b52ead929b289e3f952ae468cc20213 HTTP/1.1" 200 None
2021-12-31 21:11:28,633 INFO :: Binance Futures Client successfully initialized
2021-12-31 21:11:29,848 DEBUG :: Starting new HTTPS connection (1): testnet.bitmex.com:443
2021-12-31 21:11:30,743 DEBUG :: https://testnet.bitmex.com:443 "GET /api/v1/instrument/active HTTP/1.1" 200 None
2021-12-31 21:11:30,766 DEBUG :: Starting new HTTPS connection (1): testnet.bitmex.com:443
2021-12-31 21:11:31,269 DEBUG :: https://testnet.bitmex.com:443 "GET /api/v1/user/margin?currency=all HTTP/1.1" 200 None
2021-12-31 21:11:31,274 INFO :: Bitmex Client successfully initialized
2021-12-31 21:11:32,783 INFO :: Bitmex connection opened
2021-12-31 21:11:35,564 INFO :: Binance connection opened
2021-12-31 21:11:35,565 INFO :: Binance: subscribing to: btcusdt@bookTicker
2021-12-31 21:12:13,692 WARNING :: Binance Websocket connection closed
2021-12-31 21:12:13,929 WARNING :: Bitmex Websocket connection closed
2021-12-31 21:19:49,332 DEBUG :: Starting new HTTPS connection (1): testnet.binancefuture.com:443
2021-12-31 21:19:55,787 DEBUG :: https://testnet.binancefuture.com:443 "GET /fapi/v1/exchangeInfo HTTP/1.1" 200 None
2021-12-31 21:19:55,804 DEBUG :: Starting new HTTPS connection (1): testnet.binancefuture.com:443
2021-12-31 21:19:57,237 DEBUG :: https://testnet.binancefuture.com:443 "GET /fapi/v1/account?timestamp=1640978395798&signature=beb520869973f2ebb4b76f285c8ac24c2873039658b0d90d2d34b93759a79b1c HTTP/1.1" 200 None
2021-12-31 21:19:57,243 INFO :: Binance Futures Client successfully initialized
2021-12-31 21:19:58,547 DEBUG :: Starting new HTTPS connection (1): testnet.bitmex.com:443
2021-12-31 21:19:59,522 DEBUG :: https://testnet.bitmex.com:443 "GET /api/v1/instrument/active HTTP/1.1" 200 None
2021-12-31 21:19:59,538 DEBUG :: Starting new HTTPS connection (1): testnet.bitmex.com:443
2021-12-31 21:19:59,960 INFO :: Binance connection opened
2021-12-31 21:19:59,963 INFO :: Binance: subscribing to: btcusdt@bookTicker
2021-12-31 21:20:00,020 DEBUG :: https://testnet.bitmex.com:443 "GET /api/v1/user/margin?currency=all HTTP/1.1" 200 None
2021-12-31 21:20:00,025 INFO :: Bitmex Client successfully initialized
2021-12-31 21:20:01,491 INFO :: Bitmex connection opened
2021-12-31 21:27:23,159 DEBUG :: Starting new HTTPS connection (1): testnet.binancefuture.com:443
2021-12-31 21:27:29,554 DEBUG :: https://testnet.binancefuture.com:443 "GET /fapi/v1/exchangeInfo HTTP/1.1" 200 None
2021-12-31 21:27:29,572 DEBUG :: Starting new HTTPS connection (1): testnet.binancefuture.com:443
2021-12-31 21:27:30,942 DEBUG :: https://testnet.binancefuture.com:443 "GET /fapi/v1/account?timestamp=1640978849566&signature=725168ec2c9d772db0ceb1c1523301801d0d7211a0c499637b573d6645eb5321 HTTP/1.1" 200 None
2021-12-31 21:27:30,953 INFO :: Binance Futures Client successfully initialized
2021-12-31 21:27:32,336 DEBUG :: Starting new HTTPS connection (1): testnet.bitmex.com:443
2021-12-31 21:27:33,144 DEBUG :: https://testnet.bitmex.com:443 "GET /api/v1/instrument/active HTTP/1.1" 200 None
2021-12-31 21:27:33,155 DEBUG :: Starting new HTTPS connection (1): testnet.bitmex.com:443
2021-12-31 21:27:33,684 DEBUG :: https://testnet.bitmex.com:443 "GET /api/v1/user/margin?currency=all HTTP/1.1" 200 None
2021-12-31 21:27:33,689 INFO :: Bitmex Client successfully initialized
2021-12-31 21:27:34,152 INFO :: Binance connection opened
2021-12-31 21:27:34,152 INFO :: Binance: subscribing to: btcusdt@bookTicker
2021-12-31 21:27:35,144 INFO :: Bitmex connection opened
2021-12-31 21:28:19,398 WARNING :: Binance Websocket connection closed
2021-12-31 21:28:19,806 WARNING :: Bitmex Websocket connection closed
2021-12-31 21:36:33,158 DEBUG :: Starting new HTTPS connection (1): testnet.binancefuture.com:443
2021-12-31 21:36:42,426 DEBUG :: https://testnet.binancefuture.com:443 "GET /fapi/v1/exchangeInfo HTTP/1.1" 200 None
2021-12-31 21:36:42,439 DEBUG :: Starting new HTTPS connection (1): testnet.binancefuture.com:443
2021-12-31 21:36:44,836 DEBUG :: https://testnet.binancefuture.com:443 "GET /fapi/v1/account?timestamp=1640979402434&signature=10d5877f276032aefb171f5c40c8e262e4d868eca482d15d920a42f50864a5da HTTP/1.1" 200 None
2021-12-31 21:36:44,842 INFO :: Binance Futures Client successfully initialized
2021-12-31 21:36:46,190 DEBUG :: Starting new HTTPS connection (1): testnet.bitmex.com:443
2021-12-31 21:36:46,840 DEBUG :: https://testnet.bitmex.com:443 "GET /api/v1/instrument/active HTTP/1.1" 200 None
2021-12-31 21:36:46,860 DEBUG :: Starting new HTTPS connection (1): testnet.bitmex.com:443
2021-12-31 21:36:47,564 DEBUG :: https://testnet.bitmex.com:443 "GET /api/v1/user/margin?currency=all HTTP/1.1" 200 None
2021-12-31 21:36:47,568 INFO :: Bitmex Client successfully initialized
2021-12-31 21:36:49,591 INFO :: Bitmex connection opened
2021-12-31 21:36:52,847 INFO :: Binance connection opened
2021-12-31 21:36:52,848 INFO :: Binance: subscribing to: btcusdt@bookTicker
2021-12-31 21:37:00,894 WARNING :: Binance Websocket connection closed
2021-12-31 21:37:03,389 WARNING :: Bitmex Websocket connection closed
2021-12-31 21:43:03,633 DEBUG :: Starting new HTTPS connection (1): testnet.binancefuture.com:443
2021-12-31 21:43:10,516 DEBUG :: https://testnet.binancefuture.com:443 "GET /fapi/v1/exchangeInfo HTTP/1.1" 200 None
2021-12-31 21:43:10,536 DEBUG :: Starting new HTTPS connection (1): testnet.binancefuture.com:443
2021-12-31 21:43:12,126 DEBUG :: https://testnet.binancefuture.com:443 "GET /fapi/v1/account?timestamp=1640979790530&signature=84b471607a42c714c36363dae68f76bb108e6894c64a3b1d6f903396dbee4baf HTTP/1.1" 200 None
2021-12-31 21:43:12,132 INFO :: Binance Futures Client successfully initialized
2021-12-31 21:43:13,520 DEBUG :: Starting new HTTPS connection (1): testnet.bitmex.com:443
2021-12-31 21:43:14,449 DEBUG :: https://testnet.bitmex.com:443 "GET /api/v1/instrument/active HTTP/1.1" 200 None
2021-12-31 21:43:14,472 DEBUG :: Starting new HTTPS connection (1): testnet.bitmex.com:443
2021-12-31 21:43:15,144 DEBUG :: https://testnet.bitmex.com:443 "GET /api/v1/user/margin?currency=all HTTP/1.1" 200 None
2021-12-31 21:43:15,150 INFO :: Bitmex Client successfully initialized
2021-12-31 21:43:15,544 INFO :: Binance connection opened
2021-12-31 21:43:15,545 INFO :: Binance: subscribing to: btcusdt@bookTicker
2021-12-31 21:43:16,943 INFO :: Bitmex connection opened
2021-12-31 21:43:45,910 WARNING :: Binance Websocket connection closed
2021-12-31 21:43:46,238 WARNING :: Bitmex Websocket connection closed
2021-12-31 21:47:13,587 DEBUG :: Starting new HTTPS connection (1): testnet.binancefuture.com:443
2021-12-31 21:47:20,329 DEBUG :: https://testnet.binancefuture.com:443 "GET /fapi/v1/exchangeInfo HTTP/1.1" 200 None
2021-12-31 21:47:20,352 DEBUG :: Starting new HTTPS connection (1): testnet.binancefuture.com:443
2021-12-31 21:47:22,204 DEBUG :: https://testnet.binancefuture.com:443 "GET /fapi/v1/account?timestamp=1640980040346&signature=56401d0a731f7b440393ecb598123462c6d273796e96b5c62dcdd4ffb299b364 HTTP/1.1" 200 None
2021-12-31 21:47:22,208 INFO :: Binance Futures Client successfully initialized
2021-12-31 21:47:24,098 DEBUG :: Starting new HTTPS connection (1): testnet.bitmex.com:443
2021-12-31 21:47:25,978 DEBUG :: https://testnet.bitmex.com:443 "GET /api/v1/instrument/active HTTP/1.1" 200 None
2021-12-31 21:47:25,996 DEBUG :: Starting new HTTPS connection (1): testnet.bitmex.com:443
2021-12-31 21:47:26,938 DEBUG :: https://testnet.bitmex.com:443 "GET /api/v1/user/margin?currency=all HTTP/1.1" 200 None
2021-12-31 21:47:26,943 INFO :: Bitmex Client successfully initialized
2021-12-31 21:47:27,366 INFO :: Binance connection opened
2021-12-31 21:47:27,368 INFO :: Binance: subscribing to: btcusdt@bookTicker
2021-12-31 21:47:28,645 INFO :: Bitmex connection opened
2021-12-31 21:48:13,787 DEBUG :: Starting new HTTPS connection (1): testnet.binancefuture.com:443
2021-12-31 21:48:16,058 DEBUG :: https://testnet.binancefuture.com:443 "GET /fapi/v1/exchangeInfo HTTP/1.1" 200 None
2021-12-31 21:48:16,072 DEBUG :: Starting new HTTPS connection (1): testnet.binancefuture.com:443
2021-12-31 21:48:18,090 DEBUG :: https://testnet.binancefuture.com:443 "GET /fapi/v1/account?timestamp=1640980096066&signature=3555770dd00669eb6665a2d90243c9ff571067538f46aa46bf3517b3360a17de HTTP/1.1" 200 None
2021-12-31 21:48:18,097 INFO :: Binance Futures Client successfully initialized
2021-12-31 21:48:18,104 DEBUG :: Starting new HTTPS connection (1): testnet.bitmex.com:443
2021-12-31 21:48:20,115 INFO :: Binance connection opened
2021-12-31 21:48:20,116 INFO :: Binance: subscribing to: btcusdt@bookTicker
2021-12-31 21:48:23,912 DEBUG :: https://testnet.bitmex.com:443 "GET /api/v1/instrument/active HTTP/1.1" 400 120
2021-12-31 21:48:23,917 ERROR :: Error while making GET request to /api/v1/instrument/active: {'error': {'message': 'This request has expired - `expires` is in the past. Current time: 1640980104', 'name': 'HTTPError'}} (error code 400)
2021-12-31 21:48:23,927 DEBUG :: Starting new HTTPS connection (1): testnet.bitmex.com:443
2021-12-31 21:48:25,097 DEBUG :: https://testnet.bitmex.com:443 "GET /api/v1/user/margin?currency=all HTTP/1.1" 200 None
2021-12-31 21:48:25,102 INFO :: Bitmex Client successfully initialized
2021-12-31 21:48:27,265 INFO :: Bitmex connection opened
2021-12-31 21:48:47,136 WARNING :: Binance Websocket connection closed
2021-12-31 21:48:55,153 DEBUG :: Starting new HTTPS connection (1): testnet.binancefuture.com:443
2021-12-31 21:49:01,393 DEBUG :: https://testnet.binancefuture.com:443 "GET /fapi/v1/exchangeInfo HTTP/1.1" 200 None
2021-12-31 21:49:01,409 DEBUG :: Starting new HTTPS connection (1): testnet.binancefuture.com:443
2021-12-31 21:49:02,785 DEBUG :: https://testnet.binancefuture.com:443 "GET /fapi/v1/account?timestamp=1640980141403&signature=ade887e4b0b1214c442caf2b69c008aab260650ea795ddc455645646843c687d HTTP/1.1" 200 None
2021-12-31 21:49:02,790 INFO :: Binance Futures Client successfully initialized
2021-12-31 21:49:04,021 DEBUG :: Starting new HTTPS connection (1): testnet.bitmex.com:443
2021-12-31 21:49:04,581 DEBUG :: https://testnet.bitmex.com:443 "GET /api/v1/instrument/active HTTP/1.1" 200 None
2021-12-31 21:49:04,597 DEBUG :: Starting new HTTPS connection (1): testnet.bitmex.com:443
2021-12-31 21:49:05,301 DEBUG :: https://testnet.bitmex.com:443 "GET /api/v1/user/margin?currency=all HTTP/1.1" 200 None
2021-12-31 21:49:05,307 INFO :: Bitmex Client successfully initialized
2021-12-31 21:49:05,823 INFO :: Binance connection opened
2021-12-31 21:49:05,829 INFO :: Binance: subscribing to: btcusdt@bookTicker
2021-12-31 21:49:07,081 INFO :: Bitmex connection opened
2021-12-31 21:50:31,460 DEBUG :: Starting new HTTPS connection (1): testnet.binancefuture.com:443
2021-12-31 21:50:38,019 DEBUG :: https://testnet.binancefuture.com:443 "GET /fapi/v1/exchangeInfo HTTP/1.1" 200 None
2021-12-31 21:50:38,035 DEBUG :: Starting new HTTPS connection (1): testnet.binancefuture.com:443
2021-12-31 21:50:39,831 DEBUG :: https://testnet.binancefuture.com:443 "GET /fapi/v1/account?timestamp=1640980238029&signature=7de1f2a4c1d1ae8ba28800b978065fe61b16309f3fedcbcc091c93344e8ecb61 HTTP/1.1" 200 None
2021-12-31 21:50:39,837 INFO :: Binance Futures Client successfully initialized
2021-12-31 21:50:40,956 DEBUG :: Starting new HTTPS connection (1): testnet.bitmex.com:443
2021-12-31 21:50:41,461 DEBUG :: https://testnet.bitmex.com:443 "GET /api/v1/instrument/active HTTP/1.1" 200 None
2021-12-31 21:50:41,485 DEBUG :: Starting new HTTPS connection (1): testnet.bitmex.com:443
2021-12-31 21:50:41,930 DEBUG :: https://testnet.bitmex.com:443 "GET /api/v1/user/margin?currency=all HTTP/1.1" 200 None
2021-12-31 21:50:41,936 INFO :: Bitmex Client successfully initialized
2021-12-31 21:50:42,706 INFO :: Binance connection opened
2021-12-31 21:50:42,706 INFO :: Binance: subscribing to: btcusdt@bookTicker
2021-12-31 21:50:43,254 INFO :: Bitmex connection opened
2021-12-31 21:51:03,746 WARNING :: Binance Websocket connection closed
2021-12-31 21:51:04,180 WARNING :: Bitmex Websocket connection closed
2021-12-31 21:58:25,037 DEBUG :: Starting new HTTPS connection (1): testnet.binancefuture.com:443
2021-12-31 21:58:31,722 DEBUG :: https://testnet.binancefuture.com:443 "GET /fapi/v1/exchangeInfo HTTP/1.1" 200 None
2021-12-31 21:58:31,740 DEBUG :: Starting new HTTPS connection (1): testnet.binancefuture.com:443
2021-12-31 21:58:32,781 DEBUG :: https://testnet.binancefuture.com:443 "GET /fapi/v1/account?timestamp=1640980711734&signature=c74b41744ed534401d8ef5665157fbd1eb279426071aa9fe626a4463e8e2fdec HTTP/1.1" 200 None
2021-12-31 21:58:32,788 INFO :: Binance Futures Client successfully initialized
2021-12-31 21:58:34,448 DEBUG :: Starting new HTTPS connection (1): testnet.bitmex.com:443
2021-12-31 21:58:35,654 DEBUG :: https://testnet.bitmex.com:443 "GET /api/v1/instrument/active HTTP/1.1" 200 None
2021-12-31 21:58:35,670 DEBUG :: Starting new HTTPS connection (1): testnet.bitmex.com:443
2021-12-31 21:58:36,382 DEBUG :: https://testnet.bitmex.com:443 "GET /api/v1/user/margin?currency=all HTTP/1.1" 200 None
2021-12-31 21:58:36,388 INFO :: Bitmex Client successfully initialized
2021-12-31 21:58:38,160 INFO :: Bitmex connection opened
2021-12-31 21:58:42,460 INFO :: Binance connection opened
2021-12-31 21:58:42,461 INFO :: Binance: subscribing to: btcusdt@bookTicker
2021-12-31 21:59:01,315 WARNING :: Binance Websocket connection closed
2021-12-31 21:59:02,014 WARNING :: Bitmex Websocket connection closed
2021-12-31 21:59:21,878 DEBUG :: Starting new HTTPS connection (1): testnet.binancefuture.com:443
2021-12-31 21:59:23,204 DEBUG :: https://testnet.binancefuture.com:443 "GET /fapi/v1/exchangeInfo HTTP/1.1" 200 None
2021-12-31 21:59:23,223 DEBUG :: Starting new HTTPS connection (1): testnet.binancefuture.com:443
2021-12-31 21:59:24,285 DEBUG :: https://testnet.binancefuture.com:443 "GET /fapi/v1/account?timestamp=1640980763216&signature=2bf74346175bbd010f0e8d08480ad52d4d2e8512bfd19ff6c373ebef6ea8bb4f HTTP/1.1" 200 None
2021-12-31 21:59:24,291 INFO :: Binance Futures Client successfully initialized
2021-12-31 21:59:24,304 DEBUG :: Starting new HTTPS connection (1): testnet.bitmex.com:443
2021-12-31 21:59:25,321 DEBUG :: https://testnet.bitmex.com:443 "GET /api/v1/instrument/active HTTP/1.1" 200 None
2021-12-31 21:59:25,338 DEBUG :: Starting new HTTPS connection (1): testnet.bitmex.com:443
2021-12-31 21:59:26,136 DEBUG :: https://testnet.bitmex.com:443 "GET /api/v1/user/margin?currency=all HTTP/1.1" 200 None
2021-12-31 21:59:26,139 INFO :: Bitmex Client successfully initialized
2021-12-31 21:59:26,537 INFO :: Binance connection opened
2021-12-31 21:59:26,538 INFO :: Binance: subscribing to: btcusdt@bookTicker
2021-12-31 21:59:27,538 INFO :: Bitmex connection opened
2021-12-31 21:59:34,176 WARNING :: Binance Websocket connection closed
2021-12-31 21:59:34,694 WARNING :: Bitmex Websocket connection closed
2021-12-31 22:00:17,455 DEBUG :: Starting new HTTPS connection (1): testnet.binancefuture.com:443
2021-12-31 22:00:25,951 DEBUG :: https://testnet.binancefuture.com:443 "GET /fapi/v1/exchangeInfo HTTP/1.1" 200 None
2021-12-31 22:00:25,967 DEBUG :: Starting new HTTPS connection (1): testnet.binancefuture.com:443
2021-12-31 22:00:28,837 DEBUG :: https://testnet.binancefuture.com:443 "GET /fapi/v1/account?timestamp=1640980825961&signature=81f2215626641ee898483b07f61f144efb7b87820d0609265d1db7454641b388 HTTP/1.1" 200 None
2021-12-31 22:00:28,843 INFO :: Binance Futures Client successfully initialized
2021-12-31 22:00:30,259 DEBUG :: Starting new HTTPS connection (1): testnet.bitmex.com:443
2021-12-31 22:00:31,569 DEBUG :: https://testnet.bitmex.com:443 "GET /api/v1/instrument/active HTTP/1.1" 200 None
2021-12-31 22:00:31,582 DEBUG :: Starting new HTTPS connection (1): testnet.bitmex.com:443
2021-12-31 22:00:32,440 DEBUG :: https://testnet.bitmex.com:443 "GET /api/v1/user/margin?currency=all HTTP/1.1" 200 None
2021-12-31 22:00:32,445 INFO :: Bitmex Client successfully initialized
2021-12-31 22:00:32,895 INFO :: Binance connection opened
2021-12-31 22:00:32,896 INFO :: Binance: subscribing to: btcusdt@bookTicker
2021-12-31 22:00:33,893 INFO :: Bitmex connection opened
2021-12-31 22:00:41,242 WARNING :: Binance Websocket connection closed
2021-12-31 22:00:42,266 WARNING :: Bitmex Websocket connection closed
2021-12-31 22:03:52,192 DEBUG :: Starting new HTTPS connection (1): testnet.binancefuture.com:443
2021-12-31 22:03:59,011 DEBUG :: https://testnet.binancefuture.com:443 "GET /fapi/v1/exchangeInfo HTTP/1.1" 200 None
2021-12-31 22:03:59,029 DEBUG :: Starting new HTTPS connection (1): testnet.binancefuture.com:443
2021-12-31 22:04:00,771 DEBUG :: https://testnet.binancefuture.com:443 "GET /fapi/v1/account?timestamp=1640981039023&signature=8019257424b77e706a2eedd54b316d69eea9e06187ada8f71c8d73bab6d7ad6f HTTP/1.1" 200 None
2021-12-31 22:04:00,777 INFO :: Binance Futures Client successfully initialized
2021-12-31 22:04:02,090 DEBUG :: Starting new HTTPS connection (1): testnet.bitmex.com:443
2021-12-31 22:04:03,708 DEBUG :: https://testnet.bitmex.com:443 "GET /api/v1/instrument/active HTTP/1.1" 200 None
2021-12-31 22:04:03,724 DEBUG :: Starting new HTTPS connection (1): testnet.bitmex.com:443
2021-12-31 22:04:03,889 INFO :: Binance connection opened
2021-12-31 22:04:03,891 INFO :: Binance: subscribing to: btcusdt@bookTicker
2021-12-31 22:04:04,258 DEBUG :: https://testnet.bitmex.com:443 "GET /api/v1/user/margin?currency=all HTTP/1.1" 200 None
2021-12-31 22:04:04,264 INFO :: Bitmex Client successfully initialized
2021-12-31 22:04:05,940 INFO :: Bitmex connection opened
2021-12-31 22:04:11,112 WARNING :: Binance Websocket connection closed
2021-12-31 22:04:11,751 WARNING :: Bitmex Websocket connection closed
2021-12-31 22:04:22,957 DEBUG :: Starting new HTTPS connection (1): testnet.binancefuture.com:443
2021-12-31 22:04:24,557 DEBUG :: https://testnet.binancefuture.com:443 "GET /fapi/v1/exchangeInfo HTTP/1.1" 200 None
2021-12-31 22:04:24,581 DEBUG :: Starting new HTTPS connection (1): testnet.binancefuture.com:443
2021-12-31 22:04:26,481 DEBUG :: https://testnet.binancefuture.com:443 "GET /fapi/v1/account?timestamp=1640981064575&signature=e53f0a6298994884df196dc7236376806d9b171014e88082324f6a6e5b76fff3 HTTP/1.1" 200 None
2021-12-31 22:04:26,485 INFO :: Binance Futures Client successfully initialized
2021-12-31 22:04:26,491 DEBUG :: Starting new HTTPS connection (1): testnet.bitmex.com:443
2021-12-31 22:04:28,592 DEBUG :: https://testnet.bitmex.com:443 "GET /api/v1/instrument/active HTTP/1.1" 200 None
2021-12-31 22:04:28,606 DEBUG :: Starting new HTTPS connection (1): testnet.bitmex.com:443
2021-12-31 22:04:29,153 DEBUG :: https://testnet.bitmex.com:443 "GET /api/v1/user/margin?currency=all HTTP/1.1" 200 None
2021-12-31 22:04:29,158 INFO :: Bitmex Client successfully initialized
2021-12-31 22:04:29,961 INFO :: Binance connection opened
2021-12-31 22:04:29,962 INFO :: Binance: subscribing to: btcusdt@bookTicker
2021-12-31 22:04:30,671 INFO :: Bitmex connection opened
2021-12-31 22:04:40,916 WARNING :: Binance Websocket connection closed
2021-12-31 22:04:41,111 WARNING :: Bitmex Websocket connection closed
2021-12-31 22:04:50,372 DEBUG :: Starting new HTTPS connection (1): testnet.binancefuture.com:443
2021-12-31 22:04:52,383 DEBUG :: https://testnet.binancefuture.com:443 "GET /fapi/v1/exchangeInfo HTTP/1.1" 200 None
2021-12-31 22:04:52,401 DEBUG :: Starting new HTTPS connection (1): testnet.binancefuture.com:443
2021-12-31 22:04:54,326 DEBUG :: https://testnet.binancefuture.com:443 "GET /fapi/v1/account?timestamp=1640981092395&signature=e94ad7318941e3deb8a14656a06e3a6ff0d8f7d26ae83716fa0cc8a709c71619 HTTP/1.1" 200 None
2021-12-31 22:04:54,331 INFO :: Binance Futures Client successfully initialized
2021-12-31 22:04:54,337 DEBUG :: Starting new HTTPS connection (1): testnet.bitmex.com:443
2021-12-31 22:04:55,634 DEBUG :: https://testnet.bitmex.com:443 "GET /api/v1/instrument/active HTTP/1.1" 200 None
2021-12-31 22:04:55,746 DEBUG :: Starting new HTTPS connection (1): testnet.bitmex.com:443
2021-12-31 22:04:56,104 INFO :: Binance connection opened
2021-12-31 22:04:56,105 INFO :: Binance: subscribing to: btcusdt@bookTicker
2021-12-31 22:04:56,260 DEBUG :: https://testnet.bitmex.com:443 "GET /api/v1/user/margin?currency=all HTTP/1.1" 200 None
2021-12-31 22:04:56,266 INFO :: Bitmex Client successfully initialized
2021-12-31 22:04:57,992 INFO :: Bitmex connection opened
2021-12-31 22:05:20,294 WARNING :: Binance Websocket connection closed
2021-12-31 22:05:20,743 WARNING :: Bitmex Websocket connection closed
2021-12-31 22:05:41,101 DEBUG :: Starting new HTTPS connection (1): testnet.binancefuture.com:443
2021-12-31 22:05:47,994 DEBUG :: https://testnet.binancefuture.com:443 "GET /fapi/v1/exchangeInfo HTTP/1.1" 200 None
2021-12-31 22:05:48,014 DEBUG :: Starting new HTTPS connection (1): testnet.binancefuture.com:443
2021-12-31 22:05:48,828 DEBUG :: https://testnet.binancefuture.com:443 "GET /fapi/v1/account?timestamp=1640981148008&signature=213a5144d8ae9d39080585f23e3c242fc20aa9e465844a3cc78f1ce5892ed983 HTTP/1.1" 200 None
2021-12-31 22:05:48,835 INFO :: Binance Futures Client successfully initialized
2021-12-31 22:05:50,235 DEBUG :: Starting new HTTPS connection (1): testnet.bitmex.com:443
2021-12-31 22:05:51,375 DEBUG :: https://testnet.bitmex.com:443 "GET /api/v1/instrument/active HTTP/1.1" 200 None
2021-12-31 22:05:51,395 DEBUG :: Starting new HTTPS connection (1): testnet.bitmex.com:443
2021-12-31 22:05:52,466 INFO :: Binance connection opened
2021-12-31 22:05:52,470 INFO :: Binance: subscribing to: btcusdt@bookTicker
2021-12-31 22:05:53,091 DEBUG :: https://testnet.bitmex.com:443 "GET /api/v1/user/margin?currency=all HTTP/1.1" 200 None
2021-12-31 22:05:53,097 INFO :: Bitmex Client successfully initialized
2021-12-31 22:05:55,179 INFO :: Bitmex connection opened
2021-12-31 22:07:45,107 DEBUG :: Starting new HTTPS connection (1): testnet.binancefuture.com:443
2021-12-31 22:07:51,960 DEBUG :: https://testnet.binancefuture.com:443 "GET /fapi/v1/exchangeInfo HTTP/1.1" 200 None
2021-12-31 22:07:51,982 DEBUG :: Starting new HTTPS connection (1): testnet.binancefuture.com:443
2021-12-31 22:07:53,802 DEBUG :: https://testnet.binancefuture.com:443 "GET /fapi/v1/account?timestamp=1640981271976&signature=8efa2da63969f18131517e9f6cafd76676b03cf5d79bd3c4f7576f8a8a3e88e0 HTTP/1.1" 200 None
2021-12-31 22:07:53,809 INFO :: Binance Futures Client successfully initialized
2021-12-31 22:07:55,279 DEBUG :: Starting new HTTPS connection (1): testnet.bitmex.com:443
2021-12-31 22:07:56,423 DEBUG :: https://testnet.bitmex.com:443 "GET /api/v1/instrument/active HTTP/1.1" 200 None
2021-12-31 22:07:56,438 DEBUG :: Starting new HTTPS connection (1): testnet.bitmex.com:443
2021-12-31 22:07:57,258 DEBUG :: https://testnet.bitmex.com:443 "GET /api/v1/user/margin?currency=all HTTP/1.1" 200 None
2021-12-31 22:07:57,263 INFO :: Bitmex Client successfully initialized
2021-12-31 22:07:57,703 INFO :: Binance connection opened
2021-12-31 22:07:57,704 INFO :: Binance: subscribing to: btcusdt@bookTicker
2021-12-31 22:07:58,973 INFO :: Bitmex connection opened
2021-12-31 22:08:14,622 WARNING :: Binance Websocket connection closed
2021-12-31 22:08:14,928 WARNING :: Bitmex Websocket connection closed
2021-12-31 22:08:43,523 DEBUG :: Starting new HTTPS connection (1): testnet.binancefuture.com:443
2021-12-31 22:08:46,578 DEBUG :: https://testnet.binancefuture.com:443 "GET /fapi/v1/exchangeInfo HTTP/1.1" 200 None
2021-12-31 22:08:46,590 DEBUG :: Starting new HTTPS connection (1): testnet.binancefuture.com:443
2021-12-31 22:08:47,815 DEBUG :: https://testnet.binancefuture.com:443 "GET /fapi/v1/account?timestamp=1640981326584&signature=85bc23478f909d254196e504f70f5772d01f016874cd870fb0cfecf5eae9fdf2 HTTP/1.1" 200 None
2021-12-31 22:08:47,821 INFO :: Binance Futures Client successfully initialized
2021-12-31 22:08:47,831 DEBUG :: Starting new HTTPS connection (1): testnet.bitmex.com:443
2021-12-31 22:08:48,564 DEBUG :: https://testnet.bitmex.com:443 "GET /api/v1/instrument/active HTTP/1.1" 200 None
2021-12-31 22:08:48,584 DEBUG :: Starting new HTTPS connection (1): testnet.bitmex.com:443
2021-12-31 22:08:49,342 DEBUG :: https://testnet.bitmex.com:443 "GET /api/v1/user/margin?currency=all HTTP/1.1" 200 None
2021-12-31 22:08:49,348 INFO :: Bitmex Client successfully initialized
2021-12-31 22:08:49,814 INFO :: Binance connection opened
2021-12-31 22:08:49,815 INFO :: Binance: subscribing to: btcusdt@bookTicker
2021-12-31 22:08:50,801 INFO :: Bitmex connection opened
2021-12-31 22:09:14,060 WARNING :: Binance Websocket connection closed
2021-12-31 22:09:14,758 WARNING :: Bitmex Websocket connection closed
2021-12-31 22:09:56,517 DEBUG :: Starting new HTTPS connection (1): testnet.binancefuture.com:443
2021-12-31 22:10:03,645 DEBUG :: https://testnet.binancefuture.com:443 "GET /fapi/v1/exchangeInfo HTTP/1.1" 200 None
2021-12-31 22:10:03,667 DEBUG :: Starting new HTTPS connection (1): testnet.binancefuture.com:443
2021-12-31 22:10:05,906 DEBUG :: https://testnet.binancefuture.com:443 "GET /fapi/v1/account?timestamp=1640981403661&signature=cd5c930830fa568ee3500f755b620567295c35abbc0e4de41af9e4a9ff1c88b7 HTTP/1.1" 200 None
2021-12-31 22:10:05,912 INFO :: Binance Futures Client successfully initialized
2021-12-31 22:10:07,241 DEBUG :: Starting new HTTPS connection (1): testnet.bitmex.com:443
2021-12-31 22:10:07,914 DEBUG :: https://testnet.bitmex.com:443 "GET /api/v1/instrument/active HTTP/1.1" 200 None
2021-12-31 22:10:07,930 DEBUG :: Starting new HTTPS connection (1): testnet.bitmex.com:443
2021-12-31 22:10:08,648 DEBUG :: https://testnet.bitmex.com:443 "GET /api/v1/user/margin?currency=all HTTP/1.1" 200 None
2021-12-31 22:10:08,974 INFO :: Binance connection opened
2021-12-31 22:10:08,978 INFO :: Binance: subscribing to: btcusdt@bookTicker
2021-12-31 22:10:08,978 INFO :: Bitmex Client successfully initialized
2021-12-31 22:10:11,313 INFO :: Bitmex connection opened
2021-12-31 22:11:09,150 DEBUG :: Starting new HTTPS connection (1): testnet.binancefuture.com:443
2021-12-31 22:11:11,649 DEBUG :: https://testnet.binancefuture.com:443 "GET /fapi/v1/exchangeInfo HTTP/1.1" 200 None
2021-12-31 22:11:11,680 DEBUG :: Starting new HTTPS connection (1): testnet.binancefuture.com:443
2021-12-31 22:11:15,053 DEBUG :: https://testnet.binancefuture.com:443 "GET /fapi/v1/account?timestamp=1640981471674&signature=ace35bc1c95e5738b05addccc547df3a8a35e6b61d4a8356df80a6fe59d57d7a HTTP/1.1" 200 None
2021-12-31 22:11:15,059 INFO :: Binance Futures Client successfully initialized
2021-12-31 22:11:15,067 DEBUG :: Starting new HTTPS connection (1): testnet.bitmex.com:443
2021-12-31 22:11:16,342 DEBUG :: https://testnet.bitmex.com:443 "GET /api/v1/instrument/active HTTP/1.1" 200 None
2021-12-31 22:11:16,359 DEBUG :: Starting new HTTPS connection (1): testnet.bitmex.com:443
2021-12-31 22:11:17,125 DEBUG :: https://testnet.bitmex.com:443 "GET /api/v1/user/margin?currency=all HTTP/1.1" 200 None
2021-12-31 22:11:17,132 INFO :: Bitmex Client successfully initialized
2021-12-31 22:11:17,515 INFO :: Binance connection opened
2021-12-31 22:11:17,515 INFO :: Binance: subscribing to: btcusdt@bookTicker
2021-12-31 22:11:18,670 INFO :: Bitmex connection opened
2021-12-31 22:11:54,337 WARNING :: Binance Websocket connection closed
2021-12-31 22:11:54,698 WARNING :: Bitmex Websocket connection closed
2021-12-31 22:14:38,673 DEBUG :: Starting new HTTPS connection (1): testnet.binancefuture.com:443
2021-12-31 22:14:44,357 DEBUG :: https://testnet.binancefuture.com:443 "GET /fapi/v1/exchangeInfo HTTP/1.1" 200 None
2021-12-31 22:14:44,378 DEBUG :: Starting new HTTPS connection (1): testnet.binancefuture.com:443
2021-12-31 22:14:47,054 DEBUG :: https://testnet.binancefuture.com:443 "GET /fapi/v1/account?timestamp=1640981684372&signature=1e86a448ba3241ca11118da9179ad0208b0b345c1c00af7767ba753dcf59f79c HTTP/1.1" 200 None
2021-12-31 22:14:47,062 INFO :: Binance Futures Client successfully initialized
2021-12-31 22:14:47,202 DEBUG :: Starting new HTTPS connection (1): testnet.bitmex.com:443
2021-12-31 22:14:48,510 DEBUG :: https://testnet.bitmex.com:443 "GET /api/v1/instrument/active HTTP/1.1" 200 None
2021-12-31 22:14:48,527 DEBUG :: Starting new HTTPS connection (1): testnet.bitmex.com:443
2021-12-31 22:14:49,351 DEBUG :: https://testnet.bitmex.com:443 "GET /api/v1/user/margin?currency=all HTTP/1.1" 200 None
2021-12-31 22:14:49,358 INFO :: Bitmex Client successfully initialized
2021-12-31 22:14:49,874 INFO :: Binance connection opened
2021-12-31 22:14:49,877 INFO :: Binance: subscribing to: btcusdt@bookTicker
2021-12-31 22:14:51,123 INFO :: Bitmex connection opened
2021-12-31 22:16:13,298 DEBUG :: Starting new HTTPS connection (1): testnet.binancefuture.com:443
2021-12-31 22:16:20,130 DEBUG :: https://testnet.binancefuture.com:443 "GET /fapi/v1/klines?symbol=BTCUSDT&interval=1m&limit=1000 HTTP/1.1" 200 None
2021-12-31 22:16:20,422 INFO :: Binance: subscribing to: btcusdt@aggTrade
2021-12-31 22:18:06,824 DEBUG :: Starting new HTTPS connection (1): testnet.binancefuture.com:443
2021-12-31 22:18:14,448 DEBUG :: https://testnet.binancefuture.com:443 "GET /fapi/v1/exchangeInfo HTTP/1.1" 200 None
2021-12-31 22:18:14,474 DEBUG :: Starting new HTTPS connection (1): testnet.binancefuture.com:443
2021-12-31 22:18:16,688 DEBUG :: https://testnet.binancefuture.com:443 "GET /fapi/v1/account?timestamp=1640981894468&signature=89e0037ab7a4bfe5db7c2c049a963f87a7d282efdfa269dfa2b2d633052cb1e9 HTTP/1.1" 200 None
2021-12-31 22:18:16,695 INFO :: Binance Futures Client successfully initialized
2021-12-31 22:18:18,237 DEBUG :: Starting new HTTPS connection (1): testnet.bitmex.com:443
2021-12-31 22:18:19,435 DEBUG :: https://testnet.bitmex.com:443 "GET /api/v1/instrument/active HTTP/1.1" 200 None
2021-12-31 22:18:19,450 DEBUG :: Starting new HTTPS connection (1): testnet.bitmex.com:443
2021-12-31 22:18:20,629 DEBUG :: https://testnet.bitmex.com:443 "GET /api/v1/user/margin?currency=all HTTP/1.1" 200 None
2021-12-31 22:18:20,635 INFO :: Bitmex Client successfully initialized
2021-12-31 22:18:22,194 INFO :: Bitmex connection opened
2021-12-31 22:18:24,551 INFO :: Binance connection opened
2021-12-31 22:18:24,551 INFO :: Binance: subscribing to: btcusdt@bookTicker
2021-12-31 22:21:51,381 DEBUG :: Starting new HTTPS connection (1): testnet.binancefuture.com:443
2021-12-31 22:21:59,729 DEBUG :: https://testnet.binancefuture.com:443 "GET /fapi/v1/exchangeInfo HTTP/1.1" 200 None
2021-12-31 22:21:59,750 DEBUG :: Starting new HTTPS connection (1): testnet.binancefuture.com:443
2021-12-31 22:22:01,468 DEBUG :: https://testnet.binancefuture.com:443 "GET /fapi/v1/account?timestamp=1640982119744&signature=4bb629dba4e20b556c09ae64184d57ae75a770af0051cc63f80edcd408ed31a7 HTTP/1.1" 200 None
2021-12-31 22:22:01,472 INFO :: Binance Futures Client successfully initialized
2021-12-31 22:22:02,705 DEBUG :: Starting new HTTPS connection (1): testnet.bitmex.com:443
2021-12-31 22:22:04,533 DEBUG :: https://testnet.bitmex.com:443 "GET /api/v1/instrument/active HTTP/1.1" 200 None
2021-12-31 22:22:04,724 DEBUG :: Starting new HTTPS connection (1): testnet.bitmex.com:443
2021-12-31 22:22:05,045 INFO :: Binance connection opened
2021-12-31 22:22:05,045 INFO :: Binance: subscribing to: btcusdt@bookTicker
2021-12-31 22:22:06,494 DEBUG :: https://testnet.bitmex.com:443 "GET /api/v1/user/margin?currency=all HTTP/1.1" 200 None
2021-12-31 22:22:06,501 INFO :: Bitmex Client successfully initialized
2021-12-31 22:22:08,060 INFO :: Bitmex connection opened
2021-12-31 22:22:48,645 WARNING :: Binance Websocket connection closed
2021-12-31 22:22:49,395 WARNING :: Bitmex Websocket connection closed
2021-12-31 22:24:31,523 DEBUG :: Starting new HTTPS connection (1): testnet.binancefuture.com:443
2021-12-31 22:24:38,164 DEBUG :: https://testnet.binancefuture.com:443 "GET /fapi/v1/exchangeInfo HTTP/1.1" 200 None
2021-12-31 22:24:38,188 DEBUG :: Starting new HTTPS connection (1): testnet.binancefuture.com:443
2021-12-31 22:24:39,907 DEBUG :: https://testnet.binancefuture.com:443 "GET /fapi/v1/account?timestamp=1640982278182&signature=5bf7ceee98f0461c496f8ea5a38b95daa25554211f92b0e8f2b6289aa0df1e92 HTTP/1.1" 200 None
2021-12-31 22:24:39,913 INFO :: Binance Futures Client successfully initialized
2021-12-31 22:24:41,246 DEBUG :: Starting new HTTPS connection (1): testnet.bitmex.com:443
2021-12-31 22:24:42,469 DEBUG :: https://testnet.bitmex.com:443 "GET /api/v1/instrument/active HTTP/1.1" 200 None
2021-12-31 22:24:42,485 DEBUG :: Starting new HTTPS connection (1): testnet.bitmex.com:443
2021-12-31 22:24:43,685 INFO :: Binance connection opened
2021-12-31 22:24:43,690 INFO :: Binance: subscribing to: btcusdt@bookTicker
2021-12-31 22:24:44,057 DEBUG :: https://testnet.bitmex.com:443 "GET /api/v1/user/margin?currency=all HTTP/1.1" 200 None
2021-12-31 22:24:44,062 INFO :: Bitmex Client successfully initialized
2021-12-31 22:24:45,815 INFO :: Bitmex connection opened
2021-12-31 22:25:02,074 WARNING :: Binance Websocket connection closed
2021-12-31 22:25:02,517 WARNING :: Bitmex Websocket connection closed
2021-12-31 22:26:27,620 DEBUG :: Starting new HTTPS connection (1): testnet.binancefuture.com:443
2021-12-31 22:26:34,593 DEBUG :: https://testnet.binancefuture.com:443 "GET /fapi/v1/exchangeInfo HTTP/1.1" 200 None
2021-12-31 22:26:34,612 DEBUG :: Starting new HTTPS connection (1): testnet.binancefuture.com:443
2021-12-31 22:26:35,427 DEBUG :: https://testnet.binancefuture.com:443 "GET /fapi/v1/account?timestamp=1640982394606&signature=f947efdc7f36897ac980d536dd880ab273bd43b993347efcd7b4f72b86310802 HTTP/1.1" 200 None
2021-12-31 22:26:35,434 INFO :: Binance Futures Client successfully initialized
2021-12-31 22:26:36,682 DEBUG :: Starting new HTTPS connection (1): testnet.bitmex.com:443
2021-12-31 22:26:38,070 DEBUG :: https://testnet.bitmex.com:443 "GET /api/v1/instrument/active HTTP/1.1" 200 None
2021-12-31 22:26:38,089 DEBUG :: Starting new HTTPS connection (1): testnet.bitmex.com:443
2021-12-31 22:26:38,590 INFO :: Binance connection opened
2021-12-31 22:26:38,594 INFO :: Binance: subscribing to: btcusdt@bookTicker
2021-12-31 22:26:39,234 DEBUG :: https://testnet.bitmex.com:443 "GET /api/v1/user/margin?currency=all HTTP/1.1" 200 None
2021-12-31 22:26:39,240 INFO :: Bitmex Client successfully initialized
2021-12-31 22:26:40,925 INFO :: Bitmex connection opened
2021-12-31 22:26:47,792 WARNING :: Binance Websocket connection closed
2021-12-31 22:26:48,049 WARNING :: Bitmex Websocket connection closed
2021-12-31 22:27:11,136 DEBUG :: Starting new HTTPS connection (1): testnet.binancefuture.com:443
2021-12-31 22:27:13,236 DEBUG :: https://testnet.binancefuture.com:443 "GET /fapi/v1/exchangeInfo HTTP/1.1" 200 None
2021-12-31 22:27:13,259 DEBUG :: Starting new HTTPS connection (1): testnet.binancefuture.com:443
2021-12-31 22:27:14,765 DEBUG :: https://testnet.binancefuture.com:443 "GET /fapi/v1/account?timestamp=1640982433253&signature=e1f64436ab46a1d855839d6373528b6c4cfa3b52b4cc91f288bae7b36c253b2d HTTP/1.1" 200 None
2021-12-31 22:27:14,771 INFO :: Binance Futures Client successfully initialized
2021-12-31 22:27:14,780 DEBUG :: Starting new HTTPS connection (1): testnet.bitmex.com:443
2021-12-31 22:27:15,503 DEBUG :: https://testnet.bitmex.com:443 "GET /api/v1/instrument/active HTTP/1.1" 200 None
2021-12-31 22:27:15,519 DEBUG :: Starting new HTTPS connection (1): testnet.bitmex.com:443
2021-12-31 22:27:16,438 DEBUG :: https://testnet.bitmex.com:443 "GET /api/v1/user/margin?currency=all HTTP/1.1" 200 None
2021-12-31 22:27:16,443 INFO :: Bitmex Client successfully initialized
2021-12-31 22:27:16,902 INFO :: Binance connection opened
2021-12-31 22:27:16,902 INFO :: Binance: subscribing to: btcusdt@bookTicker
2021-12-31 22:27:18,548 INFO :: Bitmex connection opened
2021-12-31 22:28:27,699 DEBUG :: Starting new HTTPS connection (1): testnet.binancefuture.com:443
2021-12-31 22:28:34,395 DEBUG :: https://testnet.binancefuture.com:443 "GET /fapi/v1/exchangeInfo HTTP/1.1" 200 None
2021-12-31 22:28:34,418 DEBUG :: Starting new HTTPS connection (1): testnet.binancefuture.com:443
2021-12-31 22:28:36,068 DEBUG :: https://testnet.binancefuture.com:443 "GET /fapi/v1/account?timestamp=1640982514412&signature=830e8bb74089390b74ea27b198218166f298eccd2a3dbe09b7d2434cb5ee480b HTTP/1.1" 200 None
2021-12-31 22:28:36,072 INFO :: Binance Futures Client successfully initialized
2021-12-31 22:28:37,932 DEBUG :: Starting new HTTPS connection (1): testnet.bitmex.com:443
2021-12-31 22:28:40,808 DEBUG :: https://testnet.bitmex.com:443 "GET /api/v1/instrument/active HTTP/1.1" 400 120
2021-12-31 22:28:40,813 ERROR :: Error while making GET request to /api/v1/instrument/active: {'error': {'message': 'This request has expired - `expires` is in the past. Current time: 1640982521', 'name': 'HTTPError'}} (error code 400)
2021-12-31 22:28:40,822 DEBUG :: Starting new HTTPS connection (1): testnet.bitmex.com:443
2021-12-31 22:28:40,866 INFO :: Binance connection opened
2021-12-31 22:28:40,867 INFO :: Binance: subscribing to: btcusdt@bookTicker
2021-12-31 22:28:41,448 DEBUG :: https://testnet.bitmex.com:443 "GET /api/v1/user/margin?currency=all HTTP/1.1" 200 None
2021-12-31 22:28:41,453 INFO :: Bitmex Client successfully initialized
2021-12-31 22:28:43,228 INFO :: Bitmex connection opened
2021-12-31 22:29:27,033 DEBUG :: Starting new HTTPS connection (1): testnet.binancefuture.com:443
2021-12-31 22:29:28,759 DEBUG :: https://testnet.binancefuture.com:443 "GET /fapi/v1/exchangeInfo HTTP/1.1" 200 None
2021-12-31 22:29:28,780 DEBUG :: Starting new HTTPS connection (1): testnet.binancefuture.com:443
2021-12-31 22:29:30,100 DEBUG :: https://testnet.binancefuture.com:443 "GET /fapi/v1/account?timestamp=1640982568774&signature=02afef4f0cf0b858ac82b4b13f75d090f340c732509f280d55714525c4949232 HTTP/1.1" 200 None
2021-12-31 22:29:30,104 INFO :: Binance Futures Client successfully initialized
2021-12-31 22:29:30,110 DEBUG :: Starting new HTTPS connection (1): testnet.bitmex.com:443
2021-12-31 22:29:31,418 DEBUG :: https://testnet.bitmex.com:443 "GET /api/v1/instrument/active HTTP/1.1" 200 None
2021-12-31 22:29:31,434 DEBUG :: Starting new HTTPS connection (1): testnet.bitmex.com:443
2021-12-31 22:29:31,996 INFO :: Binance connection opened
2021-12-31 22:29:31,996 INFO :: Binance: subscribing to: btcusdt@bookTicker
2021-12-31 22:29:32,058 DEBUG :: https://testnet.bitmex.com:443 "GET /api/v1/user/margin?currency=all HTTP/1.1" 200 None
2021-12-31 22:29:32,063 INFO :: Bitmex Client successfully initialized
2021-12-31 22:29:33,658 INFO :: Bitmex connection opened
2021-12-31 22:29:51,824 WARNING :: Binance Websocket connection closed
2021-12-31 22:29:52,043 WARNING :: Bitmex Websocket connection closed
2021-12-31 22:30:13,520 DEBUG :: Starting new HTTPS connection (1): testnet.binancefuture.com:443
2021-12-31 22:30:20,273 DEBUG :: https://testnet.binancefuture.com:443 "GET /fapi/v1/exchangeInfo HTTP/1.1" 200 None
2021-12-31 22:30:20,292 DEBUG :: Starting new HTTPS connection (1): testnet.binancefuture.com:443
2021-12-31 22:30:22,039 DEBUG :: https://testnet.binancefuture.com:443 "GET /fapi/v1/account?timestamp=1640982620286&signature=c01e57011f73ac7b81edaa145e94626158a81c874b8a6421f0c2a5746801d3cf HTTP/1.1" 200 None
2021-12-31 22:30:22,053 INFO :: Binance Futures Client successfully initialized
2021-12-31 22:30:23,398 DEBUG :: Starting new HTTPS connection (1): testnet.bitmex.com:443
2021-12-31 22:30:24,293 DEBUG :: https://testnet.bitmex.com:443 "GET /api/v1/instrument/active HTTP/1.1" 200 None
2021-12-31 22:30:24,309 DEBUG :: Starting new HTTPS connection (1): testnet.bitmex.com:443
2021-12-31 22:30:25,038 DEBUG :: https://testnet.bitmex.com:443 "GET /api/v1/user/margin?currency=all HTTP/1.1" 200 None
2021-12-31 22:30:25,045 INFO :: Binance connection opened
2021-12-31 22:30:25,045 INFO :: Bitmex Client successfully initialized
2021-12-31 22:30:25,046 INFO :: Binance: subscribing to: btcusdt@bookTicker
2021-12-31 22:30:26,841 INFO :: Bitmex connection opened
2021-12-31 22:30:49,038 WARNING :: Binance Websocket connection closed
2021-12-31 22:30:49,751 WARNING :: Bitmex Websocket connection closed
2021-12-31 22:33:52,561 DEBUG :: Starting new HTTPS connection (1): testnet.binancefuture.com:443
2021-12-31 22:33:59,687 DEBUG :: https://testnet.binancefuture.com:443 "GET /fapi/v1/exchangeInfo HTTP/1.1" 200 None
2021-12-31 22:33:59,710 DEBUG :: Starting new HTTPS connection (1): testnet.binancefuture.com:443
2021-12-31 22:34:02,702 DEBUG :: https://testnet.binancefuture.com:443 "GET /fapi/v1/account?timestamp=1640982839704&signature=8b1b1f6dbe0473596d60e0562641a6b1061dafce253476903648446c96e6d049 HTTP/1.1" 200 None
2021-12-31 22:34:02,708 INFO :: Binance Futures Client successfully initialized
2021-12-31 22:34:04,057 DEBUG :: Starting new HTTPS connection (1): testnet.bitmex.com:443
2021-12-31 22:34:05,015 DEBUG :: https://testnet.bitmex.com:443 "GET /api/v1/instrument/active HTTP/1.1" 200 None
2021-12-31 22:34:05,036 DEBUG :: Starting new HTTPS connection (1): testnet.bitmex.com:443
2021-12-31 22:34:05,575 DEBUG :: https://testnet.bitmex.com:443 "GET /api/v1/user/margin?currency=all HTTP/1.1" 200 None
2021-12-31 22:34:05,581 INFO :: Bitmex Client successfully initialized
2021-12-31 22:34:06,075 INFO :: Binance connection opened
2021-12-31 22:34:06,077 INFO :: Binance: subscribing to: btcusdt@bookTicker
2021-12-31 22:34:07,188 INFO :: Bitmex connection opened
2021-12-31 22:34:17,100 WARNING :: Binance Websocket connection closed
2021-12-31 22:34:17,849 WARNING :: Bitmex Websocket connection closed
2021-12-31 22:35:01,939 DEBUG :: Starting new HTTPS connection (1): testnet.binancefuture.com:443
2021-12-31 22:35:03,565 DEBUG :: https://testnet.binancefuture.com:443 "GET /fapi/v1/exchangeInfo HTTP/1.1" 200 None
2021-12-31 22:35:03,597 DEBUG :: Starting new HTTPS connection (1): testnet.binancefuture.com:443
2021-12-31 22:35:05,397 DEBUG :: https://testnet.binancefuture.com:443 "GET /fapi/v1/account?timestamp=1640982903578&signature=028918db27d89caf41905711d5336783d48742efc282048143dff836b1cafd10 HTTP/1.1" 200 None
2021-12-31 22:35:05,401 INFO :: Binance Futures Client successfully initialized
2021-12-31 22:35:05,407 DEBUG :: Starting new HTTPS connection (1): testnet.bitmex.com:443
2021-12-31 22:35:07,225 DEBUG :: https://testnet.bitmex.com:443 "GET /api/v1/instrument/active HTTP/1.1" 200 None
2021-12-31 22:35:07,410 DEBUG :: Starting new HTTPS connection (1): testnet.bitmex.com:443
2021-12-31 22:35:07,623 INFO :: Binance connection opened
2021-12-31 22:35:07,624 INFO :: Binance: subscribing to: btcusdt@bookTicker
2021-12-31 22:35:08,043 DEBUG :: https://testnet.bitmex.com:443 "GET /api/v1/user/margin?currency=all HTTP/1.1" 200 None
2021-12-31 22:35:08,048 INFO :: Bitmex Client successfully initialized
2021-12-31 22:35:09,550 INFO :: Bitmex connection opened
2021-12-31 22:35:37,548 WARNING :: Binance Websocket connection closed
2021-12-31 22:35:38,242 WARNING :: Bitmex Websocket connection closed
2021-12-31 22:35:56,017 DEBUG :: Starting new HTTPS connection (1): testnet.binancefuture.com:443
2021-12-31 22:36:02,646 DEBUG :: https://testnet.binancefuture.com:443 "GET /fapi/v1/exchangeInfo HTTP/1.1" 200 None
2021-12-31 22:36:02,668 DEBUG :: Starting new HTTPS connection (1): testnet.binancefuture.com:443
2021-12-31 22:36:04,349 DEBUG :: https://testnet.binancefuture.com:443 "GET /fapi/v1/account?timestamp=1640982962660&signature=80d70a60154aae37b26c1f64d94495b83f66a483e8542b42a42e76ca7937dc64 HTTP/1.1" 200 None
2021-12-31 22:36:04,355 INFO :: Binance Futures Client successfully initialized
2021-12-31 22:36:05,670 DEBUG :: Starting new HTTPS connection (1): testnet.bitmex.com:443
2021-12-31 22:36:06,437 DEBUG :: https://testnet.bitmex.com:443 "GET /api/v1/instrument/active HTTP/1.1" 200 None
2021-12-31 22:36:06,453 DEBUG :: Starting new HTTPS connection (1): testnet.bitmex.com:443
2021-12-31 22:36:07,016 DEBUG :: https://testnet.bitmex.com:443 "GET /api/v1/user/margin?currency=all HTTP/1.1" 200 None
2021-12-31 22:36:07,023 INFO :: Bitmex Client successfully initialized
2021-12-31 22:36:07,374 INFO :: Binance connection opened
2021-12-31 22:36:07,375 INFO :: Binance: subscribing to: btcusdt@bookTicker
2021-12-31 22:36:08,607 INFO :: Bitmex connection opened
2021-12-31 22:36:45,513 WARNING :: Binance Websocket connection closed
2021-12-31 22:36:45,626 WARNING :: Bitmex Websocket connection closed
2021-12-31 22:36:57,548 DEBUG :: Starting new HTTPS connection (1): testnet.binancefuture.com:443
2021-12-31 22:36:59,138 DEBUG :: https://testnet.binancefuture.com:443 "GET /fapi/v1/exchangeInfo HTTP/1.1" 200 None
2021-12-31 22:36:59,159 DEBUG :: Starting new HTTPS connection (1): testnet.binancefuture.com:443
2021-12-31 22:37:00,478 DEBUG :: https://testnet.binancefuture.com:443 "GET /fapi/v1/account?timestamp=1640983019151&signature=a031e916cace80b8db2bb6916fc0b21dd2a356051bf8c3f235882793bde608d3 HTTP/1.1" 200 None
2021-12-31 22:37:00,483 INFO :: Binance Futures Client successfully initialized
2021-12-31 22:37:00,491 DEBUG :: Starting new HTTPS connection (1): testnet.bitmex.com:443
2021-12-31 22:37:01,109 DEBUG :: https://testnet.bitmex.com:443 "GET /api/v1/instrument/active HTTP/1.1" 200 None
2021-12-31 22:37:01,127 DEBUG :: Starting new HTTPS connection (1): testnet.bitmex.com:443
2021-12-31 22:37:01,706 DEBUG :: https://testnet.bitmex.com:443 "GET /api/v1/user/margin?currency=all HTTP/1.1" 200 None
2021-12-31 22:37:01,710 INFO :: Bitmex Client successfully initialized
2021-12-31 22:37:02,566 INFO :: Binance connection opened
2021-12-31 22:37:02,567 INFO :: Binance: subscribing to: btcusdt@bookTicker
2021-12-31 22:37:03,365 INFO :: Bitmex connection opened
2021-12-31 22:37:12,408 WARNING :: Binance Websocket connection closed
2021-12-31 22:37:12,772 WARNING :: Bitmex Websocket connection closed
2021-12-31 22:37:27,752 DEBUG :: Starting new HTTPS connection (1): testnet.binancefuture.com:443
2021-12-31 22:37:34,608 DEBUG :: https://testnet.binancefuture.com:443 "GET /fapi/v1/exchangeInfo HTTP/1.1" 200 None
2021-12-31 22:37:34,629 DEBUG :: Starting new HTTPS connection (1): testnet.binancefuture.com:443
2021-12-31 22:37:35,940 DEBUG :: https://testnet.binancefuture.com:443 "GET /fapi/v1/account?timestamp=1640983054623&signature=eb476d4a0245ce9bdb4fefc8d5e2fd191f95dd4170d35054a59bd0274a53a844 HTTP/1.1" 200 None
2021-12-31 22:37:35,946 INFO :: Binance Futures Client successfully initialized
2021-12-31 22:37:37,306 DEBUG :: Starting new HTTPS connection (1): testnet.bitmex.com:443
2021-12-31 22:37:38,057 DEBUG :: https://testnet.bitmex.com:443 "GET /api/v1/instrument/active HTTP/1.1" 200 None
2021-12-31 22:37:38,073 DEBUG :: Starting new HTTPS connection (1): testnet.bitmex.com:443
2021-12-31 22:37:38,902 DEBUG :: https://testnet.bitmex.com:443 "GET /api/v1/user/margin?currency=all HTTP/1.1" 200 None
2021-12-31 22:37:38,908 INFO :: Bitmex Client successfully initialized
2021-12-31 22:37:40,683 INFO :: Bitmex connection opened
2021-12-31 22:37:43,758 INFO :: Binance connection opened
2021-12-31 22:37:43,778 INFO :: Binance: subscribing to: btcusdt@bookTicker
2021-12-31 22:37:48,492 WARNING :: Binance Websocket connection closed
2021-12-31 22:37:49,330 WARNING :: Bitmex Websocket connection closed
2021-12-31 22:38:08,609 DEBUG :: Starting new HTTPS connection (1): testnet.binancefuture.com:443
2021-12-31 22:38:10,030 DEBUG :: https://testnet.binancefuture.com:443 "GET /fapi/v1/exchangeInfo HTTP/1.1" 200 None
2021-12-31 22:38:10,049 DEBUG :: Starting new HTTPS connection (1): testnet.binancefuture.com:443
2021-12-31 22:38:11,240 DEBUG :: https://testnet.binancefuture.com:443 "GET /fapi/v1/account?timestamp=1640983090042&signature=ec52bdc91082089d370bcb500652ca5d08d2f329242d9410d9060142d086baab HTTP/1.1" 200 None
2021-12-31 22:38:11,246 INFO :: Binance Futures Client successfully initialized
2021-12-31 22:38:11,257 DEBUG :: Starting new HTTPS connection (1): testnet.bitmex.com:443
2021-12-31 22:38:12,191 DEBUG :: https://testnet.bitmex.com:443 "GET /api/v1/instrument/active HTTP/1.1" 200 None
2021-12-31 22:38:12,211 DEBUG :: Starting new HTTPS connection (1): testnet.bitmex.com:443
2021-12-31 22:38:13,328 DEBUG :: https://testnet.bitmex.com:443 "GET /api/v1/user/margin?currency=all HTTP/1.1" 200 None
2021-12-31 22:38:13,332 INFO :: Bitmex Client successfully initialized
2021-12-31 22:38:13,696 INFO :: Binance connection opened
2021-12-31 22:38:13,697 INFO :: Binance: subscribing to: btcusdt@bookTicker
2021-12-31 22:38:15,339 INFO :: Bitmex connection opened
2021-12-31 22:38:26,803 WARNING :: Binance Websocket connection closed
2021-12-31 22:38:27,220 ERROR :: Bitmex connection error: [Errno 9] Bad file descriptor
2021-12-31 22:38:27,222 WARNING :: Bitmex Websocket connection closed
2021-12-31 22:40:15,278 DEBUG :: Starting new HTTPS connection (1): testnet.binancefuture.com:443
2021-12-31 22:40:21,892 DEBUG :: https://testnet.binancefuture.com:443 "GET /fapi/v1/exchangeInfo HTTP/1.1" 200 None
2021-12-31 22:40:21,914 DEBUG :: Starting new HTTPS connection (1): testnet.binancefuture.com:443
2021-12-31 22:40:23,046 DEBUG :: https://testnet.binancefuture.com:443 "GET /fapi/v1/account?timestamp=1640983221908&signature=c33e8b559f4deb2e2779d76cfcb31d07cd5d7604db0bed6bdb0be1697cd286c7 HTTP/1.1" 200 None
2021-12-31 22:40:23,053 INFO :: Binance Futures Client successfully initialized
2021-12-31 22:40:24,282 DEBUG :: Starting new HTTPS connection (1): testnet.bitmex.com:443
2021-12-31 22:40:25,777 DEBUG :: https://testnet.bitmex.com:443 "GET /api/v1/instrument/active HTTP/1.1" 200 None
2021-12-31 22:40:25,964 DEBUG :: Starting new HTTPS connection (1): testnet.bitmex.com:443
2021-12-31 22:40:26,357 INFO :: Binance connection opened
2021-12-31 22:40:26,358 INFO :: Binance: subscribing to: btcusdt@bookTicker
2021-12-31 22:40:26,775 DEBUG :: https://testnet.bitmex.com:443 "GET /api/v1/user/margin?currency=all HTTP/1.1" 200 None
2021-12-31 22:40:26,780 INFO :: Bitmex Client successfully initialized
2021-12-31 22:40:28,789 INFO :: Bitmex connection opened
2021-12-31 22:40:48,378 WARNING :: Binance Websocket connection closed
2021-12-31 22:40:48,746 WARNING :: Bitmex Websocket connection closed
2021-12-31 22:40:58,662 DEBUG :: Starting new HTTPS connection (1): testnet.binancefuture.com:443
2021-12-31 22:41:00,782 DEBUG :: https://testnet.binancefuture.com:443 "GET /fapi/v1/exchangeInfo HTTP/1.1" 200 None
2021-12-31 22:41:00,798 DEBUG :: Starting new HTTPS connection (1): testnet.binancefuture.com:443
2021-12-31 22:41:03,033 DEBUG :: https://testnet.binancefuture.com:443 "GET /fapi/v1/account?timestamp=1640983260792&signature=53d1f971d0e70f8776c5002cd8d7298074d3c62cf59f1e04dcad176c712ef8bf HTTP/1.1" 200 None
2021-12-31 22:41:03,039 INFO :: Binance Futures Client successfully initialized
2021-12-31 22:41:03,047 DEBUG :: Starting new HTTPS connection (1): testnet.bitmex.com:443
2021-12-31 22:41:03,635 DEBUG :: https://testnet.bitmex.com:443 "GET /api/v1/instrument/active HTTP/1.1" 200 None
2021-12-31 22:41:03,651 DEBUG :: Starting new HTTPS connection (1): testnet.bitmex.com:443
2021-12-31 22:41:04,102 DEBUG :: https://testnet.bitmex.com:443 "GET /api/v1/user/margin?currency=all HTTP/1.1" 200 None
2021-12-31 22:41:04,107 INFO :: Bitmex Client successfully initialized
2021-12-31 22:41:05,006 INFO :: Binance connection opened
2021-12-31 22:41:05,006 INFO :: Binance: subscribing to: btcusdt@bookTicker
2021-12-31 22:41:05,741 INFO :: Bitmex connection opened
2021-12-31 22:41:14,182 WARNING :: Binance Websocket connection closed
2021-12-31 22:41:14,519 WARNING :: Bitmex Websocket connection closed
2021-12-31 22:41:22,090 DEBUG :: Starting new HTTPS connection (1): testnet.binancefuture.com:443
2021-12-31 22:41:24,429 DEBUG :: https://testnet.binancefuture.com:443 "GET /fapi/v1/exchangeInfo HTTP/1.1" 200 None
2021-12-31 22:41:24,450 DEBUG :: Starting new HTTPS connection (1): testnet.binancefuture.com:443
2021-12-31 22:41:26,111 DEBUG :: https://testnet.binancefuture.com:443 "GET /fapi/v1/account?timestamp=1640983284444&signature=e4f69709dad94428d49a6b240542ab88ac6bd621d69f5433bf6b35222acca4a2 HTTP/1.1" 200 None
2021-12-31 22:41:26,117 INFO :: Binance Futures Client successfully initialized
2021-12-31 22:41:27,261 DEBUG :: Starting new HTTPS connection (1): testnet.bitmex.com:443
2021-12-31 22:41:28,044 INFO :: Binance connection opened
2021-12-31 22:41:28,045 INFO :: Binance: subscribing to: btcusdt@bookTicker
2021-12-31 22:41:28,071 DEBUG :: https://testnet.bitmex.com:443 "GET /api/v1/instrument/active HTTP/1.1" 200 None
2021-12-31 22:41:28,086 DEBUG :: Starting new HTTPS connection (1): testnet.bitmex.com:443
2021-12-31 22:41:28,862 DEBUG :: https://testnet.bitmex.com:443 "GET /api/v1/user/margin?currency=all HTTP/1.1" 200 None
2021-12-31 22:41:28,867 INFO :: Bitmex Client successfully initialized
2021-12-31 22:41:30,530 INFO :: Bitmex connection opened
2021-12-31 22:41:40,437 WARNING :: Binance Websocket connection closed
2021-12-31 22:41:40,742 WARNING :: Bitmex Websocket connection closed
2021-12-31 22:41:55,707 DEBUG :: Starting new HTTPS connection (1): testnet.binancefuture.com:443
2021-12-31 22:42:01,901 DEBUG :: https://testnet.binancefuture.com:443 "GET /fapi/v1/exchangeInfo HTTP/1.1" 200 None
2021-12-31 22:42:01,918 DEBUG :: Starting new HTTPS connection (1): testnet.binancefuture.com:443
2021-12-31 22:42:03,478 DEBUG :: https://testnet.binancefuture.com:443 "GET /fapi/v1/account?timestamp=1640983321911&signature=862a15af988cca0db22dc2e16535d97a99da4268990a16e575222621117382dd HTTP/1.1" 200 None
2021-12-31 22:42:03,485 INFO :: Binance Futures Client successfully initialized
2021-12-31 22:42:04,807 DEBUG :: Starting new HTTPS connection (1): testnet.bitmex.com:443
2021-12-31 22:42:05,621 DEBUG :: https://testnet.bitmex.com:443 "GET /api/v1/instrument/active HTTP/1.1" 200 None
2021-12-31 22:42:05,638 DEBUG :: Starting new HTTPS connection (1): testnet.bitmex.com:443
2021-12-31 22:42:06,256 DEBUG :: https://testnet.bitmex.com:443 "GET /api/v1/user/margin?currency=all HTTP/1.1" 200 None
2021-12-31 22:42:06,261 INFO :: Bitmex Client successfully initialized
2021-12-31 22:42:06,568 INFO :: Binance connection opened
2021-12-31 22:42:06,570 INFO :: Binance: subscribing to: btcusdt@bookTicker
2021-12-31 22:42:07,716 INFO :: Bitmex connection opened
2021-12-31 22:42:18,315 WARNING :: Binance Websocket connection closed
2021-12-31 22:42:18,670 WARNING :: Bitmex Websocket connection closed
2021-12-31 22:42:29,258 DEBUG :: Starting new HTTPS connection (1): testnet.binancefuture.com:443
2021-12-31 22:42:30,672 DEBUG :: https://testnet.binancefuture.com:443 "GET /fapi/v1/exchangeInfo HTTP/1.1" 200 None
2021-12-31 22:42:30,689 DEBUG :: Starting new HTTPS connection (1): testnet.binancefuture.com:443
2021-12-31 22:42:32,395 DEBUG :: https://testnet.binancefuture.com:443 "GET /fapi/v1/account?timestamp=1640983350682&signature=a659eef5c4743f6a276733e097f4ef9759fe9a6df476eb26c0fc64c4f773f272 HTTP/1.1" 200 None
2021-12-31 22:42:32,399 INFO :: Binance Futures Client successfully initialized
2021-12-31 22:42:32,405 DEBUG :: Starting new HTTPS connection (1): testnet.bitmex.com:443
2021-12-31 22:42:33,450 DEBUG :: https://testnet.bitmex.com:443 "GET /api/v1/instrument/active HTTP/1.1" 200 None
2021-12-31 22:42:33,469 DEBUG :: Starting new HTTPS connection (1): testnet.bitmex.com:443
2021-12-31 22:42:34,070 DEBUG :: https://testnet.bitmex.com:443 "GET /api/v1/user/margin?currency=all HTTP/1.1" 200 None
2021-12-31 22:42:34,075 INFO :: Bitmex Client successfully initialized
2021-12-31 22:42:34,478 INFO :: Binance connection opened
2021-12-31 22:42:34,479 INFO :: Binance: subscribing to: btcusdt@bookTicker
2021-12-31 22:42:35,317 INFO :: Bitmex connection opened
2021-12-31 22:42:47,189 WARNING :: Binance Websocket connection closed
2021-12-31 22:42:47,837 WARNING :: Bitmex Websocket connection closed
2021-12-31 22:42:59,002 DEBUG :: Starting new HTTPS connection (1): testnet.binancefuture.com:443
2021-12-31 22:43:00,554 DEBUG :: https://testnet.binancefuture.com:443 "GET /fapi/v1/exchangeInfo HTTP/1.1" 200 None
2021-12-31 22:43:00,572 DEBUG :: Starting new HTTPS connection (1): testnet.binancefuture.com:443
2021-12-31 22:43:01,885 DEBUG :: https://testnet.binancefuture.com:443 "GET /fapi/v1/account?timestamp=1640983380566&signature=00d7d8f3c60b1903164c7e6111e0908454f34301171b52fe70675ad889381b1b HTTP/1.1" 200 None
2021-12-31 22:43:01,889 INFO :: Binance Futures Client successfully initialized
2021-12-31 22:43:01,895 DEBUG :: Starting new HTTPS connection (1): testnet.bitmex.com:443
2021-12-31 22:43:02,533 DEBUG :: https://testnet.bitmex.com:443 "GET /api/v1/instrument/active HTTP/1.1" 200 None
2021-12-31 22:43:02,548 DEBUG :: Starting new HTTPS connection (1): testnet.bitmex.com:443
2021-12-31 22:43:03,415 DEBUG :: https://testnet.bitmex.com:443 "GET /api/v1/user/margin?currency=all HTTP/1.1" 200 None
2021-12-31 22:43:03,421 INFO :: Bitmex Client successfully initialized
2021-12-31 22:43:04,333 INFO :: Binance connection opened
2021-12-31 22:43:04,333 INFO :: Binance: subscribing to: btcusdt@bookTicker
2021-12-31 22:43:05,313 INFO :: Bitmex connection opened
2021-12-31 22:43:17,683 WARNING :: Binance Websocket connection closed
2021-12-31 22:43:17,837 WARNING :: Bitmex Websocket connection closed
2021-12-31 22:43:30,208 DEBUG :: Starting new HTTPS connection (1): testnet.binancefuture.com:443
2021-12-31 22:43:38,110 DEBUG :: https://testnet.binancefuture.com:443 "GET /fapi/v1/exchangeInfo HTTP/1.1" 200 None
2021-12-31 22:43:38,141 DEBUG :: Starting new HTTPS connection (1): testnet.binancefuture.com:443
2021-12-31 22:43:40,807 DEBUG :: https://testnet.binancefuture.com:443 "GET /fapi/v1/account?timestamp=1640983418136&signature=80007ff97ab36728e161d9c8817b9585c51791832f0f678808bc4e6e98e7a181 HTTP/1.1" 200 None
2021-12-31 22:43:40,815 INFO :: Binance Futures Client successfully initialized
2021-12-31 22:43:42,128 DEBUG :: Starting new HTTPS connection (1): testnet.bitmex.com:443
2021-12-31 22:43:43,185 DEBUG :: https://testnet.bitmex.com:443 "GET /api/v1/instrument/active HTTP/1.1" 200 None
2021-12-31 22:43:43,198 DEBUG :: Starting new HTTPS connection (1): testnet.bitmex.com:443
2021-12-31 22:43:43,874 DEBUG :: https://testnet.bitmex.com:443 "GET /api/v1/user/margin?currency=all HTTP/1.1" 200 None
2021-12-31 22:43:43,880 INFO :: Bitmex Client successfully initialized
2021-12-31 22:43:44,182 INFO :: Binance connection opened
2021-12-31 22:43:44,183 INFO :: Binance: subscribing to: btcusdt@bookTicker
2021-12-31 22:43:45,459 INFO :: Bitmex connection opened
2021-12-31 22:43:58,726 WARNING :: Binance Websocket connection closed
2021-12-31 22:43:58,832 WARNING :: Bitmex Websocket connection closed
2021-12-31 22:44:05,285 DEBUG :: Starting new HTTPS connection (1): testnet.binancefuture.com:443
2021-12-31 22:44:06,645 DEBUG :: https://testnet.binancefuture.com:443 "GET /fapi/v1/exchangeInfo HTTP/1.1" 200 None
2021-12-31 22:44:06,668 DEBUG :: Starting new HTTPS connection (1): testnet.binancefuture.com:443
2021-12-31 22:44:08,294 DEBUG :: https://testnet.binancefuture.com:443 "GET /fapi/v1/account?timestamp=1640983446655&signature=af08befa2ad3df479033a0d1df8e171c5e7a93374968deb4a813085883cda98a HTTP/1.1" 200 None
2021-12-31 22:44:08,298 INFO :: Binance Futures Client successfully initialized
2021-12-31 22:44:08,304 DEBUG :: Starting new HTTPS connection (1): testnet.bitmex.com:443
2021-12-31 22:44:09,405 DEBUG :: https://testnet.bitmex.com:443 "GET /api/v1/instrument/active HTTP/1.1" 200 None
2021-12-31 22:44:09,420 DEBUG :: Starting new HTTPS connection (1): testnet.bitmex.com:443
2021-12-31 22:44:10,141 DEBUG :: https://testnet.bitmex.com:443 "GET /api/v1/user/margin?currency=all HTTP/1.1" 200 None
2021-12-31 22:44:10,146 INFO :: Bitmex Client successfully initialized
2021-12-31 22:44:10,466 INFO :: Binance connection opened
2021-12-31 22:44:10,467 INFO :: Binance: subscribing to: btcusdt@bookTicker
2021-12-31 22:44:11,596 INFO :: Bitmex connection opened
2021-12-31 22:44:28,490 WARNING :: Binance Websocket connection closed
2021-12-31 22:44:28,830 WARNING :: Bitmex Websocket connection closed
2021-12-31 22:44:52,372 DEBUG :: Starting new HTTPS connection (1): testnet.binancefuture.com:443
2021-12-31 22:44:53,744 DEBUG :: https://testnet.binancefuture.com:443 "GET /fapi/v1/exchangeInfo HTTP/1.1" 200 None
2021-12-31 22:44:53,760 DEBUG :: Starting new HTTPS connection (1): testnet.binancefuture.com:443
2021-12-31 22:45:00,114 DEBUG :: https://testnet.binancefuture.com:443 "GET /fapi/v1/account?timestamp=1640983493753&signature=49f47bef6fd790083bbcee6b24de2b6840ec1b8e23ecbab44234a502f74fb6c4 HTTP/1.1" 400 79
2021-12-31 22:45:00,116 ERROR :: Error while making GET request to /fapi/v1/account: {'code': -1021, 'msg': 'Timestamp for this request is outside of the recvWindow.'} (error code 400)
2021-12-31 22:45:00,117 INFO :: Binance Futures Client successfully initialized
2021-12-31 22:45:01,392 DEBUG :: Starting new HTTPS connection (1): testnet.bitmex.com:443
2021-12-31 22:45:02,365 DEBUG :: https://testnet.bitmex.com:443 "GET /api/v1/instrument/active HTTP/1.1" 200 None
2021-12-31 22:45:02,381 DEBUG :: Starting new HTTPS connection (1): testnet.bitmex.com:443
2021-12-31 22:45:03,010 DEBUG :: https://testnet.bitmex.com:443 "GET /api/v1/user/margin?currency=all HTTP/1.1" 200 None
2021-12-31 22:45:03,015 INFO :: Bitmex Client successfully initialized
2021-12-31 22:45:03,375 INFO :: Binance connection opened
2021-12-31 22:45:03,375 INFO :: Binance: subscribing to: btcusdt@bookTicker
2021-12-31 22:45:04,480 INFO :: Bitmex connection opened
2021-12-31 22:50:38,922 DEBUG :: Starting new HTTPS connection (1): testnet.binancefuture.com:443
2021-12-31 22:50:45,557 DEBUG :: https://testnet.binancefuture.com:443 "GET /fapi/v1/exchangeInfo HTTP/1.1" 200 None
2021-12-31 22:50:45,577 DEBUG :: Starting new HTTPS connection (1): testnet.binancefuture.com:443
2021-12-31 22:50:47,170 DEBUG :: https://testnet.binancefuture.com:443 "GET /fapi/v1/account?timestamp=1640983845571&signature=dade735b318c7f42d3615b0d72a866f236398d96606b6e7fb7f22bf93cb8cb51 HTTP/1.1" 200 None
2021-12-31 22:50:47,176 INFO :: Binance Futures Client successfully initialized
2021-12-31 22:50:48,567 DEBUG :: Starting new HTTPS connection (1): testnet.bitmex.com:443
2021-12-31 22:50:50,170 DEBUG :: https://testnet.bitmex.com:443 "GET /api/v1/instrument/active HTTP/1.1" 200 None
2021-12-31 22:50:50,186 DEBUG :: Starting new HTTPS connection (1): testnet.bitmex.com:443
2021-12-31 22:50:51,492 INFO :: Binance connection opened
2021-12-31 22:50:51,493 INFO :: Binance: subscribing to: btcusdt@bookTicker
2021-12-31 22:50:52,240 DEBUG :: https://testnet.bitmex.com:443 "GET /api/v1/user/margin?currency=all HTTP/1.1" 200 None
2021-12-31 22:50:52,245 INFO :: Bitmex Client successfully initialized
2021-12-31 22:50:54,131 INFO :: Bitmex connection opened
2021-12-31 22:51:01,446 WARNING :: Binance Websocket connection closed
2021-12-31 22:51:03,208 WARNING :: Bitmex Websocket connection closed
2022-01-01 16:14:19,714 DEBUG :: Starting new HTTPS connection (1): testnet.binancefuture.com:443
2022-01-01 16:14:25,869 DEBUG :: https://testnet.binancefuture.com:443 "GET /fapi/v1/exchangeInfo HTTP/1.1" 200 None
2022-01-01 16:14:25,886 DEBUG :: Starting new HTTPS connection (1): testnet.binancefuture.com:443
2022-01-01 16:14:26,970 DEBUG :: https://testnet.binancefuture.com:443 "GET /fapi/v1/account?timestamp=1641046465880&signature=d2f0855c7795b21cab368be21735b8545a2c15d2dfeb6dcdc9a35dcbfd65f9de HTTP/1.1" 200 None
2022-01-01 16:14:26,976 INFO :: Binance Futures Client successfully initialized
2022-01-01 16:14:28,485 DEBUG :: Starting new HTTPS connection (1): testnet.bitmex.com:443
2022-01-01 16:14:33,928 DEBUG :: https://testnet.bitmex.com:443 "GET /api/v1/instrument/active HTTP/1.1" 400 120
2022-01-01 16:14:33,932 ERROR :: Error while making GET request to /api/v1/instrument/active: {'error': {'message': 'This request has expired - `expires` is in the past. Current time: 1641046473', 'name': 'HTTPError'}} (error code 400)
2022-01-01 16:14:33,939 DEBUG :: Starting new HTTPS connection (1): testnet.bitmex.com:443
2022-01-01 16:14:34,389 DEBUG :: https://testnet.bitmex.com:443 "GET /api/v1/user/margin?currency=all HTTP/1.1" 200 None
2022-01-01 16:14:34,393 INFO :: Bitmex Client successfully initialized
2022-01-01 16:14:34,892 INFO :: Binance connection opened
2022-01-01 16:14:34,893 INFO :: Binance: subscribing to: btcusdt@bookTicker
2022-01-01 16:14:35,861 INFO :: Bitmex connection opened
2022-01-01 16:20:43,015 DEBUG :: Starting new HTTPS connection (1): testnet.binancefuture.com:443
2022-01-01 16:20:49,425 DEBUG :: https://testnet.binancefuture.com:443 "GET /fapi/v1/klines?symbol=BTCUSDT&interval=5m&limit=1000 HTTP/1.1" 200 None
2022-01-01 16:20:49,713 INFO :: Binance: subscribing to: btcusdt@aggTrade
2022-01-01 16:25:01,429 INFO :: Binance New candle for BTCUSDT 5m
2022-01-01 16:30:01,053 INFO :: Binance New candle for BTCUSDT 5m
2022-01-01 16:35:00,957 INFO :: Binance New candle for BTCUSDT 5m
2022-01-01 16:40:02,178 INFO :: Binance New candle for BTCUSDT 5m
2022-01-01 16:45:00,898 INFO :: Binance New candle for BTCUSDT 5m
2022-01-01 16:50:04,085 INFO :: Binance New candle for BTCUSDT 5m
2022-01-01 16:59:08,124 DEBUG :: Starting new HTTPS connection (1): testnet.binancefuture.com:443
2022-01-01 16:59:14,581 DEBUG :: https://testnet.binancefuture.com:443 "GET /fapi/v1/klines?symbol=BTCUSDT&interval=5m&limit=1000 HTTP/1.1" 200 None
2022-01-01 16:59:28,333 DEBUG :: Starting new HTTPS connection (1): testnet.binancefuture.com:443
2022-01-01 16:59:29,668 DEBUG :: https://testnet.binancefuture.com:443 "GET /fapi/v1/klines?symbol=BTCUSDT&interval=1m&limit=1000 HTTP/1.1" 200 None
2022-01-01 17:00:02,962 INFO :: Binance New candle for BTCUSDT 1m
2022-01-01 17:01:01,557 INFO :: Binance New candle for BTCUSDT 1m
2022-01-01 17:02:01,192 INFO :: Binance New candle for BTCUSDT 1m
2022-01-01 17:03:01,110 INFO :: Binance New candle for BTCUSDT 1m
2022-01-01 17:03:46,611 DEBUG :: Starting new HTTPS connection (1): testnet.binancefuture.com:443
2022-01-01 17:03:52,887 DEBUG :: https://testnet.binancefuture.com:443 "GET /fapi/v1/klines?symbol=BTCUSDT&interval=1m&limit=1000 HTTP/1.1" 200 None
2022-01-01 17:03:53,322 INFO :: Getting Binance trade size...
2022-01-01 17:03:53,332 DEBUG :: Starting new HTTPS connection (1): testnet.binancefuture.com:443
2022-01-01 17:03:54,383 DEBUG :: https://testnet.binancefuture.com:443 "GET /fapi/v1/account?timestamp=1641049433322&signature=8110c68579443f0a7294d40bc04b15ac1d1d0de066921b62981b40eefad9fea6 HTTP/1.1" 200 None
2022-01-01 17:03:54,389 INFO :: Binance current USDT balance = 100000.0, trade size = 1.278
2022-01-01 17:03:54,389 INFO :: Long signal on BTCUSDT 1m
2022-01-01 17:03:54,396 DEBUG :: Starting new HTTPS connection (1): testnet.binancefuture.com:443
2022-01-01 17:03:55,452 DEBUG :: https://testnet.binancefuture.com:443 "POST /fapi/v1/order?symbol=BTCUSDT&side=BUY&quantity=1.278&type=MARKET&timestamp=1641049434389&signature=8e6f7997af7687eff52e9787d881de8cc3bed890d0e1923a99e3e6eecea59552 HTTP/1.1" 200 None
2022-01-01 17:03:55,455 INFO :: Buy order placed on Binance | Status: new
2022-01-01 17:03:55,458 WARNING :: Binance BTCUSDT: 2137 milliseconds of difference between the current time and the trade time
2022-01-01 17:03:57,468 DEBUG :: Starting new HTTPS connection (1): testnet.binancefuture.com:443
2022-01-01 17:03:58,821 DEBUG :: https://testnet.binancefuture.com:443 "GET /fapi/v1/order?timestamp=1641049437459&symbol=BTCUSDT&orderId=2954632468&signature=4fca9aacaa18a6f85fa63764715ff5500e09068a79f18302462d10d51ef76a7e HTTP/1.1" 200 None
2022-01-01 17:03:58,825 INFO :: Binance order status: filled
2022-01-01 17:04:03,262 INFO :: Binance New candle for BTCUSDT 1m
2022-01-01 17:05:02,835 INFO :: Binance New candle for BTCUSDT 1m
2022-01-01 17:06:01,448 INFO :: Binance New candle for BTCUSDT 1m
2022-01-01 17:07:00,575 INFO :: Binance New candle for BTCUSDT 1m
2022-01-01 17:08:01,471 INFO :: Binance New candle for BTCUSDT 1m
2022-01-01 17:09:02,929 INFO :: Binance New candle for BTCUSDT 1m
2022-01-01 17:10:01,397 INFO :: Binance New candle for BTCUSDT 1m
2022-01-01 17:10:52,997 WARNING :: Binance Websocket connection closed
2022-01-01 17:10:53,031 WARNING :: Bitmex Websocket connection closed
